Warning: you requested the nanomsg event logger, but bmv2 was compiled without -DBMELOG, and the event logger cannot be activated
Calling target program-options parser
[04:56:12.505] [bmv2] [D] [thread 41417] Set default default entry for table 'tbl_netlock142': netlock142 - 
[04:56:12.506] [bmv2] [D] [thread 41417] Set default default entry for table 'tbl_netlock144': netlock144 - 
[04:56:12.506] [bmv2] [D] [thread 41417] Set default default entry for table 'tbl_remove_netlock': MyIngress.remove_netlock - 
[04:56:12.506] [bmv2] [D] [thread 41417] Set default default entry for table 'tbl_swap_ip': MyIngress.swap_ip - 
[04:56:12.506] [bmv2] [D] [thread 41417] Set default default entry for table 'tbl_swap_udp': MyIngress.swap_udp - 
[04:56:12.506] [bmv2] [D] [thread 41417] Set default default entry for table 'tbl_push_queue': MyIngress.push_queue - 
[04:56:12.506] [bmv2] [D] [thread 41417] Set default default entry for table 'tbl_drop': MyIngress.drop - 
[04:56:12.506] [bmv2] [D] [thread 41417] Set default default entry for table 'tbl_netlock160': netlock160 - 
[04:56:12.506] [bmv2] [D] [thread 41417] Set default default entry for table 'tbl_netlock164': netlock164 - 
[04:56:12.506] [bmv2] [D] [thread 41417] Set default default entry for table 'tbl_drop_0': MyIngress.drop - 
[04:56:12.506] [bmv2] [D] [thread 41417] Set default default entry for table 'tbl_set_next_ip': MyIngress.set_next_ip - 
[04:56:12.506] [bmv2] [D] [thread 41417] Set default default entry for table 'tbl_set_next_udp': MyIngress.set_next_udp - 
[04:56:12.506] [bmv2] [D] [thread 41417] Set default default entry for table 'tbl_pop_queue': MyIngress.pop_queue - 
[04:56:12.506] [bmv2] [D] [thread 41417] Set default default entry for table 'tbl_remove_netlock_0': MyIngress.remove_netlock - 
[04:56:12.506] [bmv2] [D] [thread 41417] Set default default entry for table 'MyIngress.ipv4_lpm': NoAction - 
Adding interface t1-eth1 as port 1
[04:56:12.512] [bmv2] [D] [thread 41417] Adding interface t1-eth1 as port 1
Adding interface t1-eth2 as port 2
[04:56:12.550] [bmv2] [D] [thread 41417] Adding interface t1-eth2 as port 2
Adding interface t1-eth3 as port 3
[04:56:12.586] [bmv2] [D] [thread 41417] Adding interface t1-eth3 as port 3
[04:56:12.622] [bmv2] [I] [thread 41417] Starting Thrift server on port 9090
[04:56:12.623] [bmv2] [I] [thread 41417] Thrift server was started
[04:56:12.656] [bmv2] [D] [thread 41423] [0.0] [cxt 0] Processing packet received on port 1
[04:56:12.656] [bmv2] [D] [thread 41423] [0.0] [cxt 0] Parser 'parser': start
[04:56:12.656] [bmv2] [D] [thread 41423] [0.0] [cxt 0] Parser 'parser' entering state 'start'
[04:56:12.656] [bmv2] [D] [thread 41423] [0.0] [cxt 0] Extracting header 'ethernet'
[04:56:12.656] [bmv2] [D] [thread 41423] [0.0] [cxt 0] Parser state 'start': key is 86dd
[04:56:12.656] [bmv2] [T] [thread 41423] [0.0] [cxt 0] Bytes parsed: 14
[04:56:12.656] [bmv2] [D] [thread 41423] [0.0] [cxt 0] Parser 'parser': end
[04:56:12.656] [bmv2] [D] [thread 41423] [0.0] [cxt 0] Pipeline 'ingress': start
[04:56:12.656] [bmv2] [T] [thread 41423] [0.0] [cxt 0] /home/p4/project7/p4src/netlock.p4(136) Condition "hdr.ipv4.isValid()" (node_2) is false
[04:56:12.656] [bmv2] [D] [thread 41423] [0.0] [cxt 0] Pipeline 'ingress': end
[04:56:12.656] [bmv2] [D] [thread 41423] [0.0] [cxt 0] Egress port is 0
[04:56:12.663] [bmv2] [D] [thread 41424] [0.0] [cxt 0] Pipeline 'egress': start
[04:56:12.663] [bmv2] [D] [thread 41424] [0.0] [cxt 0] Pipeline 'egress': end
[04:56:12.663] [bmv2] [D] [thread 41424] [0.0] [cxt 0] Deparser 'deparser': start
[04:56:12.664] [bmv2] [T] [thread 41424] [0.0] [cxt 0] Skipping checksum 'cksum' update because condition not met
[04:56:12.664] [bmv2] [D] [thread 41424] [0.0] [cxt 0] Deparsing header 'ethernet'
[04:56:12.664] [bmv2] [D] [thread 41424] [0.0] [cxt 0] Deparser 'deparser': end
[04:56:12.664] [bmv2] [D] [thread 41428] [0.0] [cxt 0] Transmitting packet of size 90 out of port 0
[04:56:13.296] [bmv2] [T] [thread 41480] bm_get_config
[04:56:13.297] [bmv2] [T] [thread 41480] bm_mt_get_entries
[04:56:13.298] [bmv2] [T] [thread 41480] bm_reset_state
[04:56:13.321] [bmv2] [D] [thread 41480] Resetting simple_switch target-specific state
[04:56:13.321] [bmv2] [D] [thread 41480] resetting PRE state
[04:56:13.322] [bmv2] [T] [thread 41480] bm_set_default_action
[04:56:13.323] [bmv2] [D] [thread 41480] Set default entry for table 'MyIngress.ipv4_lpm': MyIngress.drop - 
[04:56:13.323] [bmv2] [T] [thread 41480] bm_table_add_entry
[04:56:13.323] [bmv2] [D] [thread 41480] Entry 0 added to table 'MyIngress.ipv4_lpm'
[04:56:13.323] [bmv2] [D] [thread 41480] Dumping entry 0
Match key:
* hdr.ipv4.dstAddr    : LPM       0a010102/32
Action entry: MyIngress.set_nhop - a010102,1,

[04:56:13.324] [bmv2] [T] [thread 41480] bm_table_add_entry
[04:56:13.324] [bmv2] [D] [thread 41480] Entry 1 added to table 'MyIngress.ipv4_lpm'
[04:56:13.324] [bmv2] [D] [thread 41480] Dumping entry 1
Match key:
* hdr.ipv4.dstAddr    : LPM       0a010202/32
Action entry: MyIngress.set_nhop - a010202,2,

[04:56:13.325] [bmv2] [T] [thread 41480] bm_table_add_entry
[04:56:13.325] [bmv2] [D] [thread 41480] Entry 2 added to table 'MyIngress.ipv4_lpm'
[04:56:13.325] [bmv2] [D] [thread 41480] Dumping entry 2
Match key:
* hdr.ipv4.dstAddr    : LPM       0a010302/32
Action entry: MyIngress.set_nhop - a010302,3,

[04:56:21.093] [bmv2] [T] [thread 41539] bm_get_config
[04:56:21.094] [bmv2] [T] [thread 41539] bm_mt_get_entries
[04:56:21.096] [bmv2] [T] [thread 41539] bm_reset_state
[04:56:21.114] [bmv2] [D] [thread 41539] Resetting simple_switch target-specific state
[04:56:21.114] [bmv2] [D] [thread 41539] resetting PRE state
[04:56:21.115] [bmv2] [T] [thread 41539] bm_set_default_action
[04:56:21.115] [bmv2] [D] [thread 41539] Set default entry for table 'MyIngress.ipv4_lpm': MyIngress.drop - 
[04:56:21.115] [bmv2] [T] [thread 41539] bm_table_add_entry
[04:56:21.116] [bmv2] [D] [thread 41539] Entry 0 added to table 'MyIngress.ipv4_lpm'
[04:56:21.116] [bmv2] [D] [thread 41539] Dumping entry 0
Match key:
* hdr.ipv4.dstAddr    : LPM       0a010102/32
Action entry: MyIngress.set_nhop - a010102,1,

[04:56:21.116] [bmv2] [T] [thread 41539] bm_table_add_entry
[04:56:21.116] [bmv2] [D] [thread 41539] Entry 1 added to table 'MyIngress.ipv4_lpm'
[04:56:21.116] [bmv2] [D] [thread 41539] Dumping entry 1
Match key:
* hdr.ipv4.dstAddr    : LPM       0a010202/32
Action entry: MyIngress.set_nhop - a010202,2,

[04:56:21.117] [bmv2] [T] [thread 41539] bm_table_add_entry
[04:56:21.117] [bmv2] [D] [thread 41539] Entry 2 added to table 'MyIngress.ipv4_lpm'
[04:56:21.117] [bmv2] [D] [thread 41539] Dumping entry 2
Match key:
* hdr.ipv4.dstAddr    : LPM       0a010302/32
Action entry: MyIngress.set_nhop - a010302,3,

[04:57:29.903] [bmv2] [D] [thread 41423] [1.0] [cxt 0] Processing packet received on port 1
[04:57:29.903] [bmv2] [D] [thread 41423] [1.0] [cxt 0] Parser 'parser': start
[04:57:29.903] [bmv2] [D] [thread 41423] [1.0] [cxt 0] Parser 'parser' entering state 'start'
[04:57:29.903] [bmv2] [D] [thread 41423] [1.0] [cxt 0] Extracting header 'ethernet'
[04:57:29.903] [bmv2] [D] [thread 41423] [1.0] [cxt 0] Parser state 'start': key is 7777
[04:57:29.903] [bmv2] [T] [thread 41423] [1.0] [cxt 0] Bytes parsed: 14
[04:57:29.903] [bmv2] [D] [thread 41423] [1.0] [cxt 0] Parser 'parser' entering state 'parse_netlock'
[04:57:29.903] [bmv2] [D] [thread 41423] [1.0] [cxt 0] Extracting header 'netlock'
[04:57:29.903] [bmv2] [D] [thread 41423] [1.0] [cxt 0] Parser state 'parse_netlock': key is 0000
[04:57:29.903] [bmv2] [T] [thread 41423] [1.0] [cxt 0] Bytes parsed: 16
[04:57:29.903] [bmv2] [D] [thread 41423] [1.0] [cxt 0] Parser 'parser' entering state 'parse_ipv4'
[04:57:29.903] [bmv2] [D] [thread 41423] [1.0] [cxt 0] Extracting header 'ipv4'
[04:57:29.903] [bmv2] [D] [thread 41423] [1.0] [cxt 0] Parser state 'parse_ipv4': key is 11
[04:57:29.903] [bmv2] [T] [thread 41423] [1.0] [cxt 0] Bytes parsed: 36
[04:57:29.903] [bmv2] [D] [thread 41423] [1.0] [cxt 0] Parser 'parser' entering state 'parse_udp'
[04:57:29.903] [bmv2] [D] [thread 41423] [1.0] [cxt 0] Extracting header 'udp'
[04:57:29.903] [bmv2] [D] [thread 41423] [1.0] [cxt 0] Parser state 'parse_udp' has no switch, going to default next state
[04:57:29.904] [bmv2] [T] [thread 41423] [1.0] [cxt 0] Bytes parsed: 44
[04:57:29.904] [bmv2] [D] [thread 41423] [1.0] [cxt 0] Parser 'parser': end
[04:57:29.904] [bmv2] [D] [thread 41423] [1.0] [cxt 0] Pipeline 'ingress': start
[04:57:29.904] [bmv2] [T] [thread 41423] [1.0] [cxt 0] /home/p4/project7/p4src/netlock.p4(136) Condition "hdr.ipv4.isValid()" (node_2) is true
[04:57:29.904] [bmv2] [T] [thread 41423] [1.0] [cxt 0] /home/p4/project7/p4src/netlock.p4(138) Condition "hdr.netlock.isValid() && hdr.udp.isValid()" (node_3) is true
[04:57:29.904] [bmv2] [T] [thread 41423] [1.0] [cxt 0] /home/p4/project7/p4src/netlock.p4(139) Condition "hdr.netlock.act == 0" (node_4) is true
[04:57:29.904] [bmv2] [T] [thread 41423] [1.0] [cxt 0] Applying table 'tbl_netlock142'
[04:57:29.905] [bmv2] [D] [thread 41423] [1.0] [cxt 0] Looking up key:

[04:57:29.905] [bmv2] [D] [thread 41423] [1.0] [cxt 0] Table 'tbl_netlock142': miss
[04:57:29.905] [bmv2] [D] [thread 41423] [1.0] [cxt 0] Action entry is netlock142 - 
[04:57:29.905] [bmv2] [T] [thread 41423] [1.0] [cxt 0] Action netlock142
[04:57:29.905] [bmv2] [T] [thread 41423] [1.0] [cxt 0] /home/p4/project7/p4src/netlock.p4(142) Primitive lock_statuses.read(current_status, (bit<32>)0)
[04:57:29.906] [bmv2] [T] [thread 41423] [1.0] [cxt 0] Read register 'MyIngress.lock_statuses' at index 0 read value 0
[04:57:29.906] [bmv2] [T] [thread 41423] [1.0] [cxt 0] /home/p4/project7/p4src/netlock.p4(143) Condition "current_status == UNSET" (node_6) is true
[04:57:29.906] [bmv2] [T] [thread 41423] [1.0] [cxt 0] Applying table 'tbl_netlock144'
[04:57:29.906] [bmv2] [D] [thread 41423] [1.0] [cxt 0] Looking up key:

[04:57:29.906] [bmv2] [D] [thread 41423] [1.0] [cxt 0] Table 'tbl_netlock144': miss
[04:57:29.906] [bmv2] [D] [thread 41423] [1.0] [cxt 0] Action entry is netlock144 - 
[04:57:29.906] [bmv2] [T] [thread 41423] [1.0] [cxt 0] Action netlock144
[04:57:29.906] [bmv2] [T] [thread 41423] [1.0] [cxt 0] /home/p4/project7/p4src/netlock.p4(144) Primitive lock_statuses.write((bit<32>)0, SET)
[04:57:29.907] [bmv2] [T] [thread 41423] [1.0] [cxt 0] Wrote register 'MyIngress.lock_statuses' at index 0 with value 1
[04:57:29.907] [bmv2] [T] [thread 41423] [1.0] [cxt 0] Applying table 'tbl_remove_netlock'
[04:57:29.907] [bmv2] [D] [thread 41423] [1.0] [cxt 0] Looking up key:

[04:57:29.907] [bmv2] [D] [thread 41423] [1.0] [cxt 0] Table 'tbl_remove_netlock': miss
[04:57:29.907] [bmv2] [D] [thread 41423] [1.0] [cxt 0] Action entry is MyIngress.remove_netlock - 
[04:57:29.907] [bmv2] [T] [thread 41423] [1.0] [cxt 0] Action MyIngress.remove_netlock
[04:57:29.907] [bmv2] [T] [thread 41423] [1.0] [cxt 0] /home/p4/project7/p4src/netlock.p4(75) Primitive hdr.netlock.setInvalid()
[04:57:29.907] [bmv2] [T] [thread 41423] [1.0] [cxt 0] /home/p4/project7/p4src/include/headers.p4(5) Primitive 0x800; ...
[04:57:29.908] [bmv2] [T] [thread 41423] [1.0] [cxt 0] Applying table 'tbl_swap_ip'
[04:57:29.908] [bmv2] [D] [thread 41423] [1.0] [cxt 0] Looking up key:

[04:57:29.908] [bmv2] [D] [thread 41423] [1.0] [cxt 0] Table 'tbl_swap_ip': miss
[04:57:29.908] [bmv2] [D] [thread 41423] [1.0] [cxt 0] Action entry is MyIngress.swap_ip - 
[04:57:29.908] [bmv2] [T] [thread 41423] [1.0] [cxt 0] Action MyIngress.swap_ip
[04:57:29.908] [bmv2] [T] [thread 41423] [1.0] [cxt 0] /home/p4/project7/p4src/netlock.p4(80) Primitive ip4Addr_t tmp = hdr.ipv4.srcAddr;
[04:57:29.908] [bmv2] [T] [thread 41423] [1.0] [cxt 0] /home/p4/project7/p4src/netlock.p4(81) Primitive hdr.ipv4.srcAddr = hdr.ipv4.dstAddr
[04:57:29.908] [bmv2] [T] [thread 41423] [1.0] [cxt 0] /home/p4/project7/p4src/netlock.p4(82) Primitive hdr.ipv4.dstAddr = tmp
[04:57:29.908] [bmv2] [T] [thread 41423] [1.0] [cxt 0] Applying table 'tbl_swap_udp'
[04:57:29.908] [bmv2] [D] [thread 41423] [1.0] [cxt 0] Looking up key:

[04:57:29.908] [bmv2] [D] [thread 41423] [1.0] [cxt 0] Table 'tbl_swap_udp': miss
[04:57:29.908] [bmv2] [D] [thread 41423] [1.0] [cxt 0] Action entry is MyIngress.swap_udp - 
[04:57:29.908] [bmv2] [T] [thread 41423] [1.0] [cxt 0] Action MyIngress.swap_udp
[04:57:29.909] [bmv2] [T] [thread 41423] [1.0] [cxt 0] /home/p4/project7/p4src/netlock.p4(88) Primitive hdr.udp.srcPort = hdr.udp.dstPort
[04:57:29.909] [bmv2] [T] [thread 41423] [1.0] [cxt 0] Applying table 'MyIngress.ipv4_lpm'
[04:57:29.909] [bmv2] [D] [thread 41423] [1.0] [cxt 0] Looking up key:
* hdr.ipv4.dstAddr    : 0a010102

[04:57:29.909] [bmv2] [D] [thread 41423] [1.0] [cxt 0] Table 'MyIngress.ipv4_lpm': hit with handle 0
[04:57:29.909] [bmv2] [D] [thread 41423] [1.0] [cxt 0] Dumping entry 0
Match key:
* hdr.ipv4.dstAddr    : LPM       0a010102/32
Action entry: MyIngress.set_nhop - a010102,1,

[04:57:29.909] [bmv2] [D] [thread 41423] [1.0] [cxt 0] Action entry is MyIngress.set_nhop - a010102,1,
[04:57:29.909] [bmv2] [T] [thread 41423] [1.0] [cxt 0] Action MyIngress.set_nhop
[04:57:29.909] [bmv2] [T] [thread 41423] [1.0] [cxt 0] /home/p4/project7/p4src/netlock.p4(39) Primitive hdr.ethernet.srcAddr = hdr.ethernet.dstAddr
[04:57:29.909] [bmv2] [T] [thread 41423] [1.0] [cxt 0] /home/p4/project7/p4src/netlock.p4(42) Primitive hdr.ethernet.dstAddr = dstAddr
[04:57:29.909] [bmv2] [T] [thread 41423] [1.0] [cxt 0] /home/p4/project7/p4src/netlock.p4(44) Primitive standard_metadata.egress_spec = port
[04:57:29.909] [bmv2] [T] [thread 41423] [1.0] [cxt 0] /home/p4/project7/p4src/netlock.p4(47) Primitive hdr.ipv4.ttl = hdr.ipv4.ttl - 1
[04:57:29.909] [bmv2] [D] [thread 41423] [1.0] [cxt 0] Pipeline 'ingress': end
[04:57:29.909] [bmv2] [D] [thread 41423] [1.0] [cxt 0] Egress port is 1
[04:57:29.910] [bmv2] [D] [thread 41425] [1.0] [cxt 0] Pipeline 'egress': start
[04:57:29.910] [bmv2] [D] [thread 41425] [1.0] [cxt 0] Pipeline 'egress': end
[04:57:29.910] [bmv2] [D] [thread 41425] [1.0] [cxt 0] Deparser 'deparser': start
[04:57:29.911] [bmv2] [D] [thread 41425] [1.0] [cxt 0] Updating checksum 'cksum'
[04:57:29.911] [bmv2] [D] [thread 41425] [1.0] [cxt 0] Deparsing header 'ethernet'
[04:57:29.911] [bmv2] [D] [thread 41425] [1.0] [cxt 0] Deparsing header 'ipv4'
[04:57:29.911] [bmv2] [D] [thread 41425] [1.0] [cxt 0] Deparsing header 'udp'
[04:57:29.911] [bmv2] [D] [thread 41425] [1.0] [cxt 0] Deparser 'deparser': end
[04:57:29.911] [bmv2] [D] [thread 41428] [1.0] [cxt 0] Transmitting packet of size 42 out of port 1
[04:58:03.287] [bmv2] [D] [thread 41423] [2.0] [cxt 0] Processing packet received on port 1
[04:58:03.287] [bmv2] [D] [thread 41423] [2.0] [cxt 0] Parser 'parser': start
[04:58:03.288] [bmv2] [D] [thread 41423] [2.0] [cxt 0] Parser 'parser' entering state 'start'
[04:58:03.288] [bmv2] [D] [thread 41423] [2.0] [cxt 0] Extracting header 'ethernet'
[04:58:03.288] [bmv2] [D] [thread 41423] [2.0] [cxt 0] Parser state 'start': key is 7777
[04:58:03.288] [bmv2] [T] [thread 41423] [2.0] [cxt 0] Bytes parsed: 14
[04:58:03.288] [bmv2] [D] [thread 41423] [2.0] [cxt 0] Parser 'parser' entering state 'parse_netlock'
[04:58:03.288] [bmv2] [D] [thread 41423] [2.0] [cxt 0] Extracting header 'netlock'
[04:58:03.288] [bmv2] [D] [thread 41423] [2.0] [cxt 0] Parser state 'parse_netlock': key is 0000
[04:58:03.288] [bmv2] [T] [thread 41423] [2.0] [cxt 0] Bytes parsed: 16
[04:58:03.288] [bmv2] [D] [thread 41423] [2.0] [cxt 0] Parser 'parser' entering state 'parse_ipv4'
[04:58:03.288] [bmv2] [D] [thread 41423] [2.0] [cxt 0] Extracting header 'ipv4'
[04:58:03.288] [bmv2] [D] [thread 41423] [2.0] [cxt 0] Parser state 'parse_ipv4': key is 11
[04:58:03.288] [bmv2] [T] [thread 41423] [2.0] [cxt 0] Bytes parsed: 36
[04:58:03.288] [bmv2] [D] [thread 41423] [2.0] [cxt 0] Parser 'parser' entering state 'parse_udp'
[04:58:03.288] [bmv2] [D] [thread 41423] [2.0] [cxt 0] Extracting header 'udp'
[04:58:03.288] [bmv2] [D] [thread 41423] [2.0] [cxt 0] Parser state 'parse_udp' has no switch, going to default next state
[04:58:03.288] [bmv2] [T] [thread 41423] [2.0] [cxt 0] Bytes parsed: 44
[04:58:03.288] [bmv2] [D] [thread 41423] [2.0] [cxt 0] Parser 'parser': end
[04:58:03.288] [bmv2] [D] [thread 41423] [2.0] [cxt 0] Pipeline 'ingress': start
[04:58:03.288] [bmv2] [T] [thread 41423] [2.0] [cxt 0] /home/p4/project7/p4src/netlock.p4(136) Condition "hdr.ipv4.isValid()" (node_2) is true
[04:58:03.288] [bmv2] [T] [thread 41423] [2.0] [cxt 0] /home/p4/project7/p4src/netlock.p4(138) Condition "hdr.netlock.isValid() && hdr.udp.isValid()" (node_3) is true
[04:58:03.288] [bmv2] [T] [thread 41423] [2.0] [cxt 0] /home/p4/project7/p4src/netlock.p4(139) Condition "hdr.netlock.act == 0" (node_4) is false
[04:58:03.288] [bmv2] [T] [thread 41423] [2.0] [cxt 0] Applying table 'tbl_netlock160'
[04:58:03.288] [bmv2] [D] [thread 41423] [2.0] [cxt 0] Looking up key:

[04:58:03.288] [bmv2] [D] [thread 41423] [2.0] [cxt 0] Table 'tbl_netlock160': miss
[04:58:03.288] [bmv2] [D] [thread 41423] [2.0] [cxt 0] Action entry is netlock160 - 
[04:58:03.288] [bmv2] [T] [thread 41423] [2.0] [cxt 0] Action netlock160
[04:58:03.288] [bmv2] [T] [thread 41423] [2.0] [cxt 0] /home/p4/project7/p4src/netlock.p4(160) Primitive queue_heads.read(head, (bit<32>)0)
[04:58:03.288] [bmv2] [T] [thread 41423] [2.0] [cxt 0] Read register 'MyIngress.queue_heads' at index 0 read value 0
[04:58:03.288] [bmv2] [T] [thread 41423] [2.0] [cxt 0] /home/p4/project7/p4src/netlock.p4(161) Primitive queue_tails.read(tail, (bit<32>)0)
[04:58:03.288] [bmv2] [T] [thread 41423] [2.0] [cxt 0] Read register 'MyIngress.queue_tails' at index 0 read value 0
[04:58:03.288] [bmv2] [T] [thread 41423] [2.0] [cxt 0] /home/p4/project7/p4src/netlock.p4(162) Condition "head == tail" (node_14) is true
[04:58:03.288] [bmv2] [T] [thread 41423] [2.0] [cxt 0] Applying table 'tbl_netlock164'
[04:58:03.288] [bmv2] [D] [thread 41423] [2.0] [cxt 0] Looking up key:

[04:58:03.288] [bmv2] [D] [thread 41423] [2.0] [cxt 0] Table 'tbl_netlock164': miss
[04:58:03.288] [bmv2] [D] [thread 41423] [2.0] [cxt 0] Action entry is netlock164 - 
[04:58:03.288] [bmv2] [T] [thread 41423] [2.0] [cxt 0] Action netlock164
[04:58:03.288] [bmv2] [T] [thread 41423] [2.0] [cxt 0] /home/p4/project7/p4src/netlock.p4(164) Primitive lock_statuses.write((bit<32>)0, UNSET)
[04:58:03.288] [bmv2] [T] [thread 41423] [2.0] [cxt 0] Wrote register 'MyIngress.lock_statuses' at index 0 with value 0
[04:58:03.288] [bmv2] [T] [thread 41423] [2.0] [cxt 0] Applying table 'tbl_drop_0'
[04:58:03.288] [bmv2] [D] [thread 41423] [2.0] [cxt 0] Looking up key:

[04:58:03.288] [bmv2] [D] [thread 41423] [2.0] [cxt 0] Table 'tbl_drop_0': miss
[04:58:03.288] [bmv2] [D] [thread 41423] [2.0] [cxt 0] Action entry is MyIngress.drop - 
[04:58:03.288] [bmv2] [T] [thread 41423] [2.0] [cxt 0] Action MyIngress.drop
[04:58:03.288] [bmv2] [T] [thread 41423] [2.0] [cxt 0] /home/p4/project7/p4src/netlock.p4(51) Primitive mark_to_drop(standard_metadata)
[04:58:03.288] [bmv2] [T] [thread 41423] [2.0] [cxt 0] Applying table 'MyIngress.ipv4_lpm'
[04:58:03.288] [bmv2] [D] [thread 41423] [2.0] [cxt 0] Looking up key:
* hdr.ipv4.dstAddr    : 0a010202

[04:58:03.288] [bmv2] [D] [thread 41423] [2.0] [cxt 0] Table 'MyIngress.ipv4_lpm': hit with handle 1
[04:58:03.288] [bmv2] [D] [thread 41423] [2.0] [cxt 0] Dumping entry 1
Match key:
* hdr.ipv4.dstAddr    : LPM       0a010202/32
Action entry: MyIngress.set_nhop - a010202,2,

[04:58:03.288] [bmv2] [D] [thread 41423] [2.0] [cxt 0] Action entry is MyIngress.set_nhop - a010202,2,
[04:58:03.288] [bmv2] [T] [thread 41423] [2.0] [cxt 0] Action MyIngress.set_nhop
[04:58:03.288] [bmv2] [T] [thread 41423] [2.0] [cxt 0] /home/p4/project7/p4src/netlock.p4(39) Primitive hdr.ethernet.srcAddr = hdr.ethernet.dstAddr
[04:58:03.288] [bmv2] [T] [thread 41423] [2.0] [cxt 0] /home/p4/project7/p4src/netlock.p4(42) Primitive hdr.ethernet.dstAddr = dstAddr
[04:58:03.288] [bmv2] [T] [thread 41423] [2.0] [cxt 0] /home/p4/project7/p4src/netlock.p4(44) Primitive standard_metadata.egress_spec = port
[04:58:03.288] [bmv2] [T] [thread 41423] [2.0] [cxt 0] /home/p4/project7/p4src/netlock.p4(47) Primitive hdr.ipv4.ttl = hdr.ipv4.ttl - 1
[04:58:03.288] [bmv2] [D] [thread 41423] [2.0] [cxt 0] Pipeline 'ingress': end
[04:58:03.288] [bmv2] [D] [thread 41423] [2.0] [cxt 0] Egress port is 2
[04:58:03.288] [bmv2] [D] [thread 41426] [2.0] [cxt 0] Pipeline 'egress': start
[04:58:03.288] [bmv2] [D] [thread 41426] [2.0] [cxt 0] Pipeline 'egress': end
[04:58:03.288] [bmv2] [D] [thread 41426] [2.0] [cxt 0] Deparser 'deparser': start
[04:58:03.289] [bmv2] [D] [thread 41426] [2.0] [cxt 0] Updating checksum 'cksum'
[04:58:03.289] [bmv2] [D] [thread 41426] [2.0] [cxt 0] Deparsing header 'ethernet'
[04:58:03.289] [bmv2] [D] [thread 41426] [2.0] [cxt 0] Deparsing header 'netlock'
[04:58:03.289] [bmv2] [D] [thread 41426] [2.0] [cxt 0] Deparsing header 'ipv4'
[04:58:03.289] [bmv2] [D] [thread 41426] [2.0] [cxt 0] Deparsing header 'udp'
[04:58:03.289] [bmv2] [D] [thread 41426] [2.0] [cxt 0] Deparser 'deparser': end
[04:58:03.289] [bmv2] [D] [thread 41428] [2.0] [cxt 0] Transmitting packet of size 44 out of port 2
[04:58:19.330] [bmv2] [D] [thread 41423] [3.0] [cxt 0] Processing packet received on port 1
[04:58:19.330] [bmv2] [D] [thread 41423] [3.0] [cxt 0] Parser 'parser': start
[04:58:19.330] [bmv2] [D] [thread 41423] [3.0] [cxt 0] Parser 'parser' entering state 'start'
[04:58:19.330] [bmv2] [D] [thread 41423] [3.0] [cxt 0] Extracting header 'ethernet'
[04:58:19.330] [bmv2] [D] [thread 41423] [3.0] [cxt 0] Parser state 'start': key is 7777
[04:58:19.330] [bmv2] [T] [thread 41423] [3.0] [cxt 0] Bytes parsed: 14
[04:58:19.330] [bmv2] [D] [thread 41423] [3.0] [cxt 0] Parser 'parser' entering state 'parse_netlock'
[04:58:19.330] [bmv2] [D] [thread 41423] [3.0] [cxt 0] Extracting header 'netlock'
[04:58:19.330] [bmv2] [D] [thread 41423] [3.0] [cxt 0] Parser state 'parse_netlock': key is 0000
[04:58:19.330] [bmv2] [T] [thread 41423] [3.0] [cxt 0] Bytes parsed: 16
[04:58:19.330] [bmv2] [D] [thread 41423] [3.0] [cxt 0] Parser 'parser' entering state 'parse_ipv4'
[04:58:19.330] [bmv2] [D] [thread 41423] [3.0] [cxt 0] Extracting header 'ipv4'
[04:58:19.330] [bmv2] [D] [thread 41423] [3.0] [cxt 0] Parser state 'parse_ipv4': key is 11
[04:58:19.330] [bmv2] [T] [thread 41423] [3.0] [cxt 0] Bytes parsed: 36
[04:58:19.330] [bmv2] [D] [thread 41423] [3.0] [cxt 0] Parser 'parser' entering state 'parse_udp'
[04:58:19.330] [bmv2] [D] [thread 41423] [3.0] [cxt 0] Extracting header 'udp'
[04:58:19.330] [bmv2] [D] [thread 41423] [3.0] [cxt 0] Parser state 'parse_udp' has no switch, going to default next state
[04:58:19.330] [bmv2] [T] [thread 41423] [3.0] [cxt 0] Bytes parsed: 44
[04:58:19.331] [bmv2] [D] [thread 41423] [3.0] [cxt 0] Parser 'parser': end
[04:58:19.331] [bmv2] [D] [thread 41423] [3.0] [cxt 0] Pipeline 'ingress': start
[04:58:19.331] [bmv2] [T] [thread 41423] [3.0] [cxt 0] /home/p4/project7/p4src/netlock.p4(136) Condition "hdr.ipv4.isValid()" (node_2) is true
[04:58:19.331] [bmv2] [T] [thread 41423] [3.0] [cxt 0] /home/p4/project7/p4src/netlock.p4(138) Condition "hdr.netlock.isValid() && hdr.udp.isValid()" (node_3) is true
[04:58:19.331] [bmv2] [T] [thread 41423] [3.0] [cxt 0] /home/p4/project7/p4src/netlock.p4(139) Condition "hdr.netlock.act == 0" (node_4) is true
[04:58:19.331] [bmv2] [T] [thread 41423] [3.0] [cxt 0] Applying table 'tbl_netlock142'
[04:58:19.331] [bmv2] [D] [thread 41423] [3.0] [cxt 0] Looking up key:

[04:58:19.331] [bmv2] [D] [thread 41423] [3.0] [cxt 0] Table 'tbl_netlock142': miss
[04:58:19.331] [bmv2] [D] [thread 41423] [3.0] [cxt 0] Action entry is netlock142 - 
[04:58:19.331] [bmv2] [T] [thread 41423] [3.0] [cxt 0] Action netlock142
[04:58:19.331] [bmv2] [T] [thread 41423] [3.0] [cxt 0] /home/p4/project7/p4src/netlock.p4(142) Primitive lock_statuses.read(current_status, (bit<32>)0)
[04:58:19.331] [bmv2] [T] [thread 41423] [3.0] [cxt 0] Read register 'MyIngress.lock_statuses' at index 0 read value 0
[04:58:19.331] [bmv2] [T] [thread 41423] [3.0] [cxt 0] /home/p4/project7/p4src/netlock.p4(143) Condition "current_status == UNSET" (node_6) is true
[04:58:19.331] [bmv2] [T] [thread 41423] [3.0] [cxt 0] Applying table 'tbl_netlock144'
[04:58:19.331] [bmv2] [D] [thread 41423] [3.0] [cxt 0] Looking up key:

[04:58:19.331] [bmv2] [D] [thread 41423] [3.0] [cxt 0] Table 'tbl_netlock144': miss
[04:58:19.331] [bmv2] [D] [thread 41423] [3.0] [cxt 0] Action entry is netlock144 - 
[04:58:19.331] [bmv2] [T] [thread 41423] [3.0] [cxt 0] Action netlock144
[04:58:19.331] [bmv2] [T] [thread 41423] [3.0] [cxt 0] /home/p4/project7/p4src/netlock.p4(144) Primitive lock_statuses.write((bit<32>)0, SET)
[04:58:19.331] [bmv2] [T] [thread 41423] [3.0] [cxt 0] Wrote register 'MyIngress.lock_statuses' at index 0 with value 1
[04:58:19.331] [bmv2] [T] [thread 41423] [3.0] [cxt 0] Applying table 'tbl_remove_netlock'
[04:58:19.331] [bmv2] [D] [thread 41423] [3.0] [cxt 0] Looking up key:

[04:58:19.331] [bmv2] [D] [thread 41423] [3.0] [cxt 0] Table 'tbl_remove_netlock': miss
[04:58:19.331] [bmv2] [D] [thread 41423] [3.0] [cxt 0] Action entry is MyIngress.remove_netlock - 
[04:58:19.331] [bmv2] [T] [thread 41423] [3.0] [cxt 0] Action MyIngress.remove_netlock
[04:58:19.331] [bmv2] [T] [thread 41423] [3.0] [cxt 0] /home/p4/project7/p4src/netlock.p4(75) Primitive hdr.netlock.setInvalid()
[04:58:19.331] [bmv2] [T] [thread 41423] [3.0] [cxt 0] /home/p4/project7/p4src/include/headers.p4(5) Primitive 0x800; ...
[04:58:19.332] [bmv2] [T] [thread 41423] [3.0] [cxt 0] Applying table 'tbl_swap_ip'
[04:58:19.332] [bmv2] [D] [thread 41423] [3.0] [cxt 0] Looking up key:

[04:58:19.332] [bmv2] [D] [thread 41423] [3.0] [cxt 0] Table 'tbl_swap_ip': miss
[04:58:19.332] [bmv2] [D] [thread 41423] [3.0] [cxt 0] Action entry is MyIngress.swap_ip - 
[04:58:19.332] [bmv2] [T] [thread 41423] [3.0] [cxt 0] Action MyIngress.swap_ip
[04:58:19.332] [bmv2] [T] [thread 41423] [3.0] [cxt 0] /home/p4/project7/p4src/netlock.p4(80) Primitive ip4Addr_t tmp = hdr.ipv4.srcAddr;
[04:58:19.332] [bmv2] [T] [thread 41423] [3.0] [cxt 0] /home/p4/project7/p4src/netlock.p4(81) Primitive hdr.ipv4.srcAddr = hdr.ipv4.dstAddr
[04:58:19.332] [bmv2] [T] [thread 41423] [3.0] [cxt 0] /home/p4/project7/p4src/netlock.p4(82) Primitive hdr.ipv4.dstAddr = tmp
[04:58:19.332] [bmv2] [T] [thread 41423] [3.0] [cxt 0] Applying table 'tbl_swap_udp'
[04:58:19.332] [bmv2] [D] [thread 41423] [3.0] [cxt 0] Looking up key:

[04:58:19.332] [bmv2] [D] [thread 41423] [3.0] [cxt 0] Table 'tbl_swap_udp': miss
[04:58:19.332] [bmv2] [D] [thread 41423] [3.0] [cxt 0] Action entry is MyIngress.swap_udp - 
[04:58:19.332] [bmv2] [T] [thread 41423] [3.0] [cxt 0] Action MyIngress.swap_udp
[04:58:19.332] [bmv2] [T] [thread 41423] [3.0] [cxt 0] /home/p4/project7/p4src/netlock.p4(88) Primitive hdr.udp.srcPort = hdr.udp.dstPort
[04:58:19.332] [bmv2] [T] [thread 41423] [3.0] [cxt 0] Applying table 'MyIngress.ipv4_lpm'
[04:58:19.332] [bmv2] [D] [thread 41423] [3.0] [cxt 0] Looking up key:
* hdr.ipv4.dstAddr    : 0a010102

[04:58:19.332] [bmv2] [D] [thread 41423] [3.0] [cxt 0] Table 'MyIngress.ipv4_lpm': hit with handle 0
[04:58:19.332] [bmv2] [D] [thread 41423] [3.0] [cxt 0] Dumping entry 0
Match key:
* hdr.ipv4.dstAddr    : LPM       0a010102/32
Action entry: MyIngress.set_nhop - a010102,1,

[04:58:19.332] [bmv2] [D] [thread 41423] [3.0] [cxt 0] Action entry is MyIngress.set_nhop - a010102,1,
[04:58:19.332] [bmv2] [T] [thread 41423] [3.0] [cxt 0] Action MyIngress.set_nhop
[04:58:19.332] [bmv2] [T] [thread 41423] [3.0] [cxt 0] /home/p4/project7/p4src/netlock.p4(39) Primitive hdr.ethernet.srcAddr = hdr.ethernet.dstAddr
[04:58:19.332] [bmv2] [T] [thread 41423] [3.0] [cxt 0] /home/p4/project7/p4src/netlock.p4(42) Primitive hdr.ethernet.dstAddr = dstAddr
[04:58:19.332] [bmv2] [T] [thread 41423] [3.0] [cxt 0] /home/p4/project7/p4src/netlock.p4(44) Primitive standard_metadata.egress_spec = port
[04:58:19.332] [bmv2] [T] [thread 41423] [3.0] [cxt 0] /home/p4/project7/p4src/netlock.p4(47) Primitive hdr.ipv4.ttl = hdr.ipv4.ttl - 1
[04:58:19.332] [bmv2] [D] [thread 41423] [3.0] [cxt 0] Pipeline 'ingress': end
[04:58:19.332] [bmv2] [D] [thread 41423] [3.0] [cxt 0] Egress port is 1
[04:58:19.334] [bmv2] [D] [thread 41425] [3.0] [cxt 0] Pipeline 'egress': start
[04:58:19.334] [bmv2] [D] [thread 41425] [3.0] [cxt 0] Pipeline 'egress': end
[04:58:19.334] [bmv2] [D] [thread 41425] [3.0] [cxt 0] Deparser 'deparser': start
[04:58:19.334] [bmv2] [D] [thread 41425] [3.0] [cxt 0] Updating checksum 'cksum'
[04:58:19.334] [bmv2] [D] [thread 41425] [3.0] [cxt 0] Deparsing header 'ethernet'
[04:58:19.334] [bmv2] [D] [thread 41425] [3.0] [cxt 0] Deparsing header 'ipv4'
[04:58:19.334] [bmv2] [D] [thread 41425] [3.0] [cxt 0] Deparsing header 'udp'
[04:58:19.335] [bmv2] [D] [thread 41425] [3.0] [cxt 0] Deparser 'deparser': end
[04:58:19.335] [bmv2] [D] [thread 41428] [3.0] [cxt 0] Transmitting packet of size 42 out of port 1
[04:58:32.192] [bmv2] [D] [thread 41423] [4.0] [cxt 0] Processing packet received on port 1
[04:58:32.192] [bmv2] [D] [thread 41423] [4.0] [cxt 0] Parser 'parser': start
[04:58:32.192] [bmv2] [D] [thread 41423] [4.0] [cxt 0] Parser 'parser' entering state 'start'
[04:58:32.192] [bmv2] [D] [thread 41423] [4.0] [cxt 0] Extracting header 'ethernet'
[04:58:32.192] [bmv2] [D] [thread 41423] [4.0] [cxt 0] Parser state 'start': key is 7777
[04:58:32.192] [bmv2] [T] [thread 41423] [4.0] [cxt 0] Bytes parsed: 14
[04:58:32.192] [bmv2] [D] [thread 41423] [4.0] [cxt 0] Parser 'parser' entering state 'parse_netlock'
[04:58:32.192] [bmv2] [D] [thread 41423] [4.0] [cxt 0] Extracting header 'netlock'
[04:58:32.192] [bmv2] [D] [thread 41423] [4.0] [cxt 0] Parser state 'parse_netlock': key is 0000
[04:58:32.192] [bmv2] [T] [thread 41423] [4.0] [cxt 0] Bytes parsed: 16
[04:58:32.192] [bmv2] [D] [thread 41423] [4.0] [cxt 0] Parser 'parser' entering state 'parse_ipv4'
[04:58:32.192] [bmv2] [D] [thread 41423] [4.0] [cxt 0] Extracting header 'ipv4'
[04:58:32.192] [bmv2] [D] [thread 41423] [4.0] [cxt 0] Parser state 'parse_ipv4': key is 11
[04:58:32.192] [bmv2] [T] [thread 41423] [4.0] [cxt 0] Bytes parsed: 36
[04:58:32.192] [bmv2] [D] [thread 41423] [4.0] [cxt 0] Parser 'parser' entering state 'parse_udp'
[04:58:32.192] [bmv2] [D] [thread 41423] [4.0] [cxt 0] Extracting header 'udp'
[04:58:32.192] [bmv2] [D] [thread 41423] [4.0] [cxt 0] Parser state 'parse_udp' has no switch, going to default next state
[04:58:32.192] [bmv2] [T] [thread 41423] [4.0] [cxt 0] Bytes parsed: 44
[04:58:32.192] [bmv2] [D] [thread 41423] [4.0] [cxt 0] Parser 'parser': end
[04:58:32.192] [bmv2] [D] [thread 41423] [4.0] [cxt 0] Pipeline 'ingress': start
[04:58:32.192] [bmv2] [T] [thread 41423] [4.0] [cxt 0] /home/p4/project7/p4src/netlock.p4(136) Condition "hdr.ipv4.isValid()" (node_2) is true
[04:58:32.192] [bmv2] [T] [thread 41423] [4.0] [cxt 0] /home/p4/project7/p4src/netlock.p4(138) Condition "hdr.netlock.isValid() && hdr.udp.isValid()" (node_3) is true
[04:58:32.192] [bmv2] [T] [thread 41423] [4.0] [cxt 0] /home/p4/project7/p4src/netlock.p4(139) Condition "hdr.netlock.act == 0" (node_4) is false
[04:58:32.192] [bmv2] [T] [thread 41423] [4.0] [cxt 0] Applying table 'tbl_netlock160'
[04:58:32.192] [bmv2] [D] [thread 41423] [4.0] [cxt 0] Looking up key:

[04:58:32.192] [bmv2] [D] [thread 41423] [4.0] [cxt 0] Table 'tbl_netlock160': miss
[04:58:32.192] [bmv2] [D] [thread 41423] [4.0] [cxt 0] Action entry is netlock160 - 
[04:58:32.192] [bmv2] [T] [thread 41423] [4.0] [cxt 0] Action netlock160
[04:58:32.192] [bmv2] [T] [thread 41423] [4.0] [cxt 0] /home/p4/project7/p4src/netlock.p4(160) Primitive queue_heads.read(head, (bit<32>)0)
[04:58:32.192] [bmv2] [T] [thread 41423] [4.0] [cxt 0] Read register 'MyIngress.queue_heads' at index 0 read value 0
[04:58:32.192] [bmv2] [T] [thread 41423] [4.0] [cxt 0] /home/p4/project7/p4src/netlock.p4(161) Primitive queue_tails.read(tail, (bit<32>)0)
[04:58:32.192] [bmv2] [T] [thread 41423] [4.0] [cxt 0] Read register 'MyIngress.queue_tails' at index 0 read value 0
[04:58:32.192] [bmv2] [T] [thread 41423] [4.0] [cxt 0] /home/p4/project7/p4src/netlock.p4(162) Condition "head == tail" (node_14) is true
[04:58:32.192] [bmv2] [T] [thread 41423] [4.0] [cxt 0] Applying table 'tbl_netlock164'
[04:58:32.192] [bmv2] [D] [thread 41423] [4.0] [cxt 0] Looking up key:

[04:58:32.192] [bmv2] [D] [thread 41423] [4.0] [cxt 0] Table 'tbl_netlock164': miss
[04:58:32.192] [bmv2] [D] [thread 41423] [4.0] [cxt 0] Action entry is netlock164 - 
[04:58:32.192] [bmv2] [T] [thread 41423] [4.0] [cxt 0] Action netlock164
[04:58:32.192] [bmv2] [T] [thread 41423] [4.0] [cxt 0] /home/p4/project7/p4src/netlock.p4(164) Primitive lock_statuses.write((bit<32>)0, UNSET)
[04:58:32.192] [bmv2] [T] [thread 41423] [4.0] [cxt 0] Wrote register 'MyIngress.lock_statuses' at index 0 with value 0
[04:58:32.192] [bmv2] [T] [thread 41423] [4.0] [cxt 0] Applying table 'tbl_drop_0'
[04:58:32.192] [bmv2] [D] [thread 41423] [4.0] [cxt 0] Looking up key:

[04:58:32.192] [bmv2] [D] [thread 41423] [4.0] [cxt 0] Table 'tbl_drop_0': miss
[04:58:32.192] [bmv2] [D] [thread 41423] [4.0] [cxt 0] Action entry is MyIngress.drop - 
[04:58:32.192] [bmv2] [T] [thread 41423] [4.0] [cxt 0] Action MyIngress.drop
[04:58:32.192] [bmv2] [T] [thread 41423] [4.0] [cxt 0] /home/p4/project7/p4src/netlock.p4(51) Primitive mark_to_drop(standard_metadata)
[04:58:32.192] [bmv2] [T] [thread 41423] [4.0] [cxt 0] Applying table 'MyIngress.ipv4_lpm'
[04:58:32.192] [bmv2] [D] [thread 41423] [4.0] [cxt 0] Looking up key:
* hdr.ipv4.dstAddr    : 0a010202

[04:58:32.192] [bmv2] [D] [thread 41423] [4.0] [cxt 0] Table 'MyIngress.ipv4_lpm': hit with handle 1
[04:58:32.192] [bmv2] [D] [thread 41423] [4.0] [cxt 0] Dumping entry 1
Match key:
* hdr.ipv4.dstAddr    : LPM       0a010202/32
Action entry: MyIngress.set_nhop - a010202,2,

[04:58:32.192] [bmv2] [D] [thread 41423] [4.0] [cxt 0] Action entry is MyIngress.set_nhop - a010202,2,
[04:58:32.192] [bmv2] [T] [thread 41423] [4.0] [cxt 0] Action MyIngress.set_nhop
[04:58:32.192] [bmv2] [T] [thread 41423] [4.0] [cxt 0] /home/p4/project7/p4src/netlock.p4(39) Primitive hdr.ethernet.srcAddr = hdr.ethernet.dstAddr
[04:58:32.192] [bmv2] [T] [thread 41423] [4.0] [cxt 0] /home/p4/project7/p4src/netlock.p4(42) Primitive hdr.ethernet.dstAddr = dstAddr
[04:58:32.192] [bmv2] [T] [thread 41423] [4.0] [cxt 0] /home/p4/project7/p4src/netlock.p4(44) Primitive standard_metadata.egress_spec = port
[04:58:32.192] [bmv2] [T] [thread 41423] [4.0] [cxt 0] /home/p4/project7/p4src/netlock.p4(47) Primitive hdr.ipv4.ttl = hdr.ipv4.ttl - 1
[04:58:32.192] [bmv2] [D] [thread 41423] [4.0] [cxt 0] Pipeline 'ingress': end
[04:58:32.192] [bmv2] [D] [thread 41423] [4.0] [cxt 0] Egress port is 2
[04:58:32.193] [bmv2] [D] [thread 41426] [4.0] [cxt 0] Pipeline 'egress': start
[04:58:32.193] [bmv2] [D] [thread 41426] [4.0] [cxt 0] Pipeline 'egress': end
[04:58:32.193] [bmv2] [D] [thread 41426] [4.0] [cxt 0] Deparser 'deparser': start
[04:58:32.193] [bmv2] [D] [thread 41426] [4.0] [cxt 0] Updating checksum 'cksum'
[04:58:32.193] [bmv2] [D] [thread 41426] [4.0] [cxt 0] Deparsing header 'ethernet'
[04:58:32.193] [bmv2] [D] [thread 41426] [4.0] [cxt 0] Deparsing header 'netlock'
[04:58:32.193] [bmv2] [D] [thread 41426] [4.0] [cxt 0] Deparsing header 'ipv4'
[04:58:32.193] [bmv2] [D] [thread 41426] [4.0] [cxt 0] Deparsing header 'udp'
[04:58:32.193] [bmv2] [D] [thread 41426] [4.0] [cxt 0] Deparser 'deparser': end
[04:58:32.193] [bmv2] [D] [thread 41428] [4.0] [cxt 0] Transmitting packet of size 44 out of port 2
[04:59:34.198] [bmv2] [D] [thread 41423] [5.0] [cxt 0] Processing packet received on port 1
[04:59:34.198] [bmv2] [D] [thread 41423] [5.0] [cxt 0] Parser 'parser': start
[04:59:34.198] [bmv2] [D] [thread 41423] [5.0] [cxt 0] Parser 'parser' entering state 'start'
[04:59:34.198] [bmv2] [D] [thread 41423] [5.0] [cxt 0] Extracting header 'ethernet'
[04:59:34.198] [bmv2] [D] [thread 41423] [5.0] [cxt 0] Parser state 'start': key is 7777
[04:59:34.198] [bmv2] [T] [thread 41423] [5.0] [cxt 0] Bytes parsed: 14
[04:59:34.198] [bmv2] [D] [thread 41423] [5.0] [cxt 0] Parser 'parser' entering state 'parse_netlock'
[04:59:34.198] [bmv2] [D] [thread 41423] [5.0] [cxt 0] Extracting header 'netlock'
[04:59:34.198] [bmv2] [D] [thread 41423] [5.0] [cxt 0] Parser state 'parse_netlock': key is 0000
[04:59:34.198] [bmv2] [T] [thread 41423] [5.0] [cxt 0] Bytes parsed: 16
[04:59:34.198] [bmv2] [D] [thread 41423] [5.0] [cxt 0] Parser 'parser' entering state 'parse_ipv4'
[04:59:34.198] [bmv2] [D] [thread 41423] [5.0] [cxt 0] Extracting header 'ipv4'
[04:59:34.198] [bmv2] [D] [thread 41423] [5.0] [cxt 0] Parser state 'parse_ipv4': key is 11
[04:59:34.198] [bmv2] [T] [thread 41423] [5.0] [cxt 0] Bytes parsed: 36
[04:59:34.198] [bmv2] [D] [thread 41423] [5.0] [cxt 0] Parser 'parser' entering state 'parse_udp'
[04:59:34.198] [bmv2] [D] [thread 41423] [5.0] [cxt 0] Extracting header 'udp'
[04:59:34.198] [bmv2] [D] [thread 41423] [5.0] [cxt 0] Parser state 'parse_udp' has no switch, going to default next state
[04:59:34.198] [bmv2] [T] [thread 41423] [5.0] [cxt 0] Bytes parsed: 44
[04:59:34.198] [bmv2] [D] [thread 41423] [5.0] [cxt 0] Parser 'parser': end
[04:59:34.198] [bmv2] [D] [thread 41423] [5.0] [cxt 0] Pipeline 'ingress': start
[04:59:34.198] [bmv2] [T] [thread 41423] [5.0] [cxt 0] /home/p4/project7/p4src/netlock.p4(136) Condition "hdr.ipv4.isValid()" (node_2) is true
[04:59:34.198] [bmv2] [T] [thread 41423] [5.0] [cxt 0] /home/p4/project7/p4src/netlock.p4(138) Condition "hdr.netlock.isValid() && hdr.udp.isValid()" (node_3) is true
[04:59:34.198] [bmv2] [T] [thread 41423] [5.0] [cxt 0] /home/p4/project7/p4src/netlock.p4(139) Condition "hdr.netlock.act == 0" (node_4) is false
[04:59:34.198] [bmv2] [T] [thread 41423] [5.0] [cxt 0] Applying table 'tbl_netlock160'
[04:59:34.198] [bmv2] [D] [thread 41423] [5.0] [cxt 0] Looking up key:

[04:59:34.198] [bmv2] [D] [thread 41423] [5.0] [cxt 0] Table 'tbl_netlock160': miss
[04:59:34.198] [bmv2] [D] [thread 41423] [5.0] [cxt 0] Action entry is netlock160 - 
[04:59:34.198] [bmv2] [T] [thread 41423] [5.0] [cxt 0] Action netlock160
[04:59:34.198] [bmv2] [T] [thread 41423] [5.0] [cxt 0] /home/p4/project7/p4src/netlock.p4(160) Primitive queue_heads.read(head, (bit<32>)0)
[04:59:34.198] [bmv2] [T] [thread 41423] [5.0] [cxt 0] Read register 'MyIngress.queue_heads' at index 0 read value 0
[04:59:34.198] [bmv2] [T] [thread 41423] [5.0] [cxt 0] /home/p4/project7/p4src/netlock.p4(161) Primitive queue_tails.read(tail, (bit<32>)0)
[04:59:34.198] [bmv2] [T] [thread 41423] [5.0] [cxt 0] Read register 'MyIngress.queue_tails' at index 0 read value 0
[04:59:34.198] [bmv2] [T] [thread 41423] [5.0] [cxt 0] /home/p4/project7/p4src/netlock.p4(162) Condition "head == tail" (node_14) is true
[04:59:34.198] [bmv2] [T] [thread 41423] [5.0] [cxt 0] Applying table 'tbl_netlock164'
[04:59:34.199] [bmv2] [D] [thread 41423] [5.0] [cxt 0] Looking up key:

[04:59:34.199] [bmv2] [D] [thread 41423] [5.0] [cxt 0] Table 'tbl_netlock164': miss
[04:59:34.199] [bmv2] [D] [thread 41423] [5.0] [cxt 0] Action entry is netlock164 - 
[04:59:34.199] [bmv2] [T] [thread 41423] [5.0] [cxt 0] Action netlock164
[04:59:34.199] [bmv2] [T] [thread 41423] [5.0] [cxt 0] /home/p4/project7/p4src/netlock.p4(164) Primitive lock_statuses.write((bit<32>)0, UNSET)
[04:59:34.199] [bmv2] [T] [thread 41423] [5.0] [cxt 0] Wrote register 'MyIngress.lock_statuses' at index 0 with value 0
[04:59:34.199] [bmv2] [T] [thread 41423] [5.0] [cxt 0] Applying table 'tbl_drop_0'
[04:59:34.199] [bmv2] [D] [thread 41423] [5.0] [cxt 0] Looking up key:

[04:59:34.199] [bmv2] [D] [thread 41423] [5.0] [cxt 0] Table 'tbl_drop_0': miss
[04:59:34.199] [bmv2] [D] [thread 41423] [5.0] [cxt 0] Action entry is MyIngress.drop - 
[04:59:34.199] [bmv2] [T] [thread 41423] [5.0] [cxt 0] Action MyIngress.drop
[04:59:34.199] [bmv2] [T] [thread 41423] [5.0] [cxt 0] /home/p4/project7/p4src/netlock.p4(51) Primitive mark_to_drop(standard_metadata)
[04:59:34.199] [bmv2] [T] [thread 41423] [5.0] [cxt 0] Applying table 'MyIngress.ipv4_lpm'
[04:59:34.199] [bmv2] [D] [thread 41423] [5.0] [cxt 0] Looking up key:
* hdr.ipv4.dstAddr    : 0a010202

[04:59:34.199] [bmv2] [D] [thread 41423] [5.0] [cxt 0] Table 'MyIngress.ipv4_lpm': hit with handle 1
[04:59:34.199] [bmv2] [D] [thread 41423] [5.0] [cxt 0] Dumping entry 1
Match key:
* hdr.ipv4.dstAddr    : LPM       0a010202/32
Action entry: MyIngress.set_nhop - a010202,2,

[04:59:34.199] [bmv2] [D] [thread 41423] [5.0] [cxt 0] Action entry is MyIngress.set_nhop - a010202,2,
[04:59:34.199] [bmv2] [T] [thread 41423] [5.0] [cxt 0] Action MyIngress.set_nhop
[04:59:34.199] [bmv2] [T] [thread 41423] [5.0] [cxt 0] /home/p4/project7/p4src/netlock.p4(39) Primitive hdr.ethernet.srcAddr = hdr.ethernet.dstAddr
[04:59:34.199] [bmv2] [T] [thread 41423] [5.0] [cxt 0] /home/p4/project7/p4src/netlock.p4(42) Primitive hdr.ethernet.dstAddr = dstAddr
[04:59:34.199] [bmv2] [T] [thread 41423] [5.0] [cxt 0] /home/p4/project7/p4src/netlock.p4(44) Primitive standard_metadata.egress_spec = port
[04:59:34.199] [bmv2] [T] [thread 41423] [5.0] [cxt 0] /home/p4/project7/p4src/netlock.p4(47) Primitive hdr.ipv4.ttl = hdr.ipv4.ttl - 1
[04:59:34.199] [bmv2] [D] [thread 41423] [5.0] [cxt 0] Pipeline 'ingress': end
[04:59:34.199] [bmv2] [D] [thread 41423] [5.0] [cxt 0] Egress port is 2
[04:59:34.199] [bmv2] [D] [thread 41426] [5.0] [cxt 0] Pipeline 'egress': start
[04:59:34.199] [bmv2] [D] [thread 41426] [5.0] [cxt 0] Pipeline 'egress': end
[04:59:34.199] [bmv2] [D] [thread 41426] [5.0] [cxt 0] Deparser 'deparser': start
[04:59:34.199] [bmv2] [D] [thread 41426] [5.0] [cxt 0] Updating checksum 'cksum'
[04:59:34.199] [bmv2] [D] [thread 41426] [5.0] [cxt 0] Deparsing header 'ethernet'
[04:59:34.199] [bmv2] [D] [thread 41426] [5.0] [cxt 0] Deparsing header 'netlock'
[04:59:34.199] [bmv2] [D] [thread 41426] [5.0] [cxt 0] Deparsing header 'ipv4'
[04:59:34.199] [bmv2] [D] [thread 41426] [5.0] [cxt 0] Deparsing header 'udp'
[04:59:34.199] [bmv2] [D] [thread 41426] [5.0] [cxt 0] Deparser 'deparser': end
[04:59:34.199] [bmv2] [D] [thread 41428] [5.0] [cxt 0] Transmitting packet of size 44 out of port 2
[04:59:41.688] [bmv2] [D] [thread 41423] [6.0] [cxt 0] Processing packet received on port 1
[04:59:41.688] [bmv2] [D] [thread 41423] [6.0] [cxt 0] Parser 'parser': start
[04:59:41.688] [bmv2] [D] [thread 41423] [6.0] [cxt 0] Parser 'parser' entering state 'start'
[04:59:41.688] [bmv2] [D] [thread 41423] [6.0] [cxt 0] Extracting header 'ethernet'
[04:59:41.688] [bmv2] [D] [thread 41423] [6.0] [cxt 0] Parser state 'start': key is 7777
[04:59:41.688] [bmv2] [T] [thread 41423] [6.0] [cxt 0] Bytes parsed: 14
[04:59:41.688] [bmv2] [D] [thread 41423] [6.0] [cxt 0] Parser 'parser' entering state 'parse_netlock'
[04:59:41.688] [bmv2] [D] [thread 41423] [6.0] [cxt 0] Extracting header 'netlock'
[04:59:41.688] [bmv2] [D] [thread 41423] [6.0] [cxt 0] Parser state 'parse_netlock': key is 0000
[04:59:41.688] [bmv2] [T] [thread 41423] [6.0] [cxt 0] Bytes parsed: 16
[04:59:41.688] [bmv2] [D] [thread 41423] [6.0] [cxt 0] Parser 'parser' entering state 'parse_ipv4'
[04:59:41.688] [bmv2] [D] [thread 41423] [6.0] [cxt 0] Extracting header 'ipv4'
[04:59:41.688] [bmv2] [D] [thread 41423] [6.0] [cxt 0] Parser state 'parse_ipv4': key is 11
[04:59:41.688] [bmv2] [T] [thread 41423] [6.0] [cxt 0] Bytes parsed: 36
[04:59:41.688] [bmv2] [D] [thread 41423] [6.0] [cxt 0] Parser 'parser' entering state 'parse_udp'
[04:59:41.688] [bmv2] [D] [thread 41423] [6.0] [cxt 0] Extracting header 'udp'
[04:59:41.688] [bmv2] [D] [thread 41423] [6.0] [cxt 0] Parser state 'parse_udp' has no switch, going to default next state
[04:59:41.688] [bmv2] [T] [thread 41423] [6.0] [cxt 0] Bytes parsed: 44
[04:59:41.688] [bmv2] [D] [thread 41423] [6.0] [cxt 0] Parser 'parser': end
[04:59:41.688] [bmv2] [D] [thread 41423] [6.0] [cxt 0] Pipeline 'ingress': start
[04:59:41.688] [bmv2] [T] [thread 41423] [6.0] [cxt 0] /home/p4/project7/p4src/netlock.p4(136) Condition "hdr.ipv4.isValid()" (node_2) is true
[04:59:41.688] [bmv2] [T] [thread 41423] [6.0] [cxt 0] /home/p4/project7/p4src/netlock.p4(138) Condition "hdr.netlock.isValid() && hdr.udp.isValid()" (node_3) is true
[04:59:41.688] [bmv2] [T] [thread 41423] [6.0] [cxt 0] /home/p4/project7/p4src/netlock.p4(139) Condition "hdr.netlock.act == 0" (node_4) is true
[04:59:41.688] [bmv2] [T] [thread 41423] [6.0] [cxt 0] Applying table 'tbl_netlock142'
[04:59:41.688] [bmv2] [D] [thread 41423] [6.0] [cxt 0] Looking up key:

[04:59:41.688] [bmv2] [D] [thread 41423] [6.0] [cxt 0] Table 'tbl_netlock142': miss
[04:59:41.689] [bmv2] [D] [thread 41423] [6.0] [cxt 0] Action entry is netlock142 - 
[04:59:41.689] [bmv2] [T] [thread 41423] [6.0] [cxt 0] Action netlock142
[04:59:41.689] [bmv2] [T] [thread 41423] [6.0] [cxt 0] /home/p4/project7/p4src/netlock.p4(142) Primitive lock_statuses.read(current_status, (bit<32>)0)
[04:59:41.689] [bmv2] [T] [thread 41423] [6.0] [cxt 0] Read register 'MyIngress.lock_statuses' at index 0 read value 0
[04:59:41.689] [bmv2] [T] [thread 41423] [6.0] [cxt 0] /home/p4/project7/p4src/netlock.p4(143) Condition "current_status == UNSET" (node_6) is true
[04:59:41.689] [bmv2] [T] [thread 41423] [6.0] [cxt 0] Applying table 'tbl_netlock144'
[04:59:41.689] [bmv2] [D] [thread 41423] [6.0] [cxt 0] Looking up key:

[04:59:41.689] [bmv2] [D] [thread 41423] [6.0] [cxt 0] Table 'tbl_netlock144': miss
[04:59:41.689] [bmv2] [D] [thread 41423] [6.0] [cxt 0] Action entry is netlock144 - 
[04:59:41.689] [bmv2] [T] [thread 41423] [6.0] [cxt 0] Action netlock144
[04:59:41.689] [bmv2] [T] [thread 41423] [6.0] [cxt 0] /home/p4/project7/p4src/netlock.p4(144) Primitive lock_statuses.write((bit<32>)0, SET)
[04:59:41.689] [bmv2] [T] [thread 41423] [6.0] [cxt 0] Wrote register 'MyIngress.lock_statuses' at index 0 with value 1
[04:59:41.689] [bmv2] [T] [thread 41423] [6.0] [cxt 0] Applying table 'tbl_remove_netlock'
[04:59:41.689] [bmv2] [D] [thread 41423] [6.0] [cxt 0] Looking up key:

[04:59:41.689] [bmv2] [D] [thread 41423] [6.0] [cxt 0] Table 'tbl_remove_netlock': miss
[04:59:41.689] [bmv2] [D] [thread 41423] [6.0] [cxt 0] Action entry is MyIngress.remove_netlock - 
[04:59:41.689] [bmv2] [T] [thread 41423] [6.0] [cxt 0] Action MyIngress.remove_netlock
[04:59:41.689] [bmv2] [T] [thread 41423] [6.0] [cxt 0] /home/p4/project7/p4src/netlock.p4(75) Primitive hdr.netlock.setInvalid()
[04:59:41.689] [bmv2] [T] [thread 41423] [6.0] [cxt 0] /home/p4/project7/p4src/include/headers.p4(5) Primitive 0x800; ...
[04:59:41.689] [bmv2] [T] [thread 41423] [6.0] [cxt 0] Applying table 'tbl_swap_ip'
[04:59:41.689] [bmv2] [D] [thread 41423] [6.0] [cxt 0] Looking up key:

[04:59:41.689] [bmv2] [D] [thread 41423] [6.0] [cxt 0] Table 'tbl_swap_ip': miss
[04:59:41.689] [bmv2] [D] [thread 41423] [6.0] [cxt 0] Action entry is MyIngress.swap_ip - 
[04:59:41.689] [bmv2] [T] [thread 41423] [6.0] [cxt 0] Action MyIngress.swap_ip
[04:59:41.689] [bmv2] [T] [thread 41423] [6.0] [cxt 0] /home/p4/project7/p4src/netlock.p4(80) Primitive ip4Addr_t tmp = hdr.ipv4.srcAddr;
[04:59:41.689] [bmv2] [T] [thread 41423] [6.0] [cxt 0] /home/p4/project7/p4src/netlock.p4(81) Primitive hdr.ipv4.srcAddr = hdr.ipv4.dstAddr
[04:59:41.689] [bmv2] [T] [thread 41423] [6.0] [cxt 0] /home/p4/project7/p4src/netlock.p4(82) Primitive hdr.ipv4.dstAddr = tmp
[04:59:41.689] [bmv2] [T] [thread 41423] [6.0] [cxt 0] Applying table 'tbl_swap_udp'
[04:59:41.689] [bmv2] [D] [thread 41423] [6.0] [cxt 0] Looking up key:

[04:59:41.689] [bmv2] [D] [thread 41423] [6.0] [cxt 0] Table 'tbl_swap_udp': miss
[04:59:41.689] [bmv2] [D] [thread 41423] [6.0] [cxt 0] Action entry is MyIngress.swap_udp - 
[04:59:41.689] [bmv2] [T] [thread 41423] [6.0] [cxt 0] Action MyIngress.swap_udp
[04:59:41.689] [bmv2] [T] [thread 41423] [6.0] [cxt 0] /home/p4/project7/p4src/netlock.p4(88) Primitive hdr.udp.srcPort = hdr.udp.dstPort
[04:59:41.689] [bmv2] [T] [thread 41423] [6.0] [cxt 0] Applying table 'MyIngress.ipv4_lpm'
[04:59:41.689] [bmv2] [D] [thread 41423] [6.0] [cxt 0] Looking up key:
* hdr.ipv4.dstAddr    : 0a010102

[04:59:41.689] [bmv2] [D] [thread 41423] [6.0] [cxt 0] Table 'MyIngress.ipv4_lpm': hit with handle 0
[04:59:41.689] [bmv2] [D] [thread 41423] [6.0] [cxt 0] Dumping entry 0
Match key:
* hdr.ipv4.dstAddr    : LPM       0a010102/32
Action entry: MyIngress.set_nhop - a010102,1,

[04:59:41.689] [bmv2] [D] [thread 41423] [6.0] [cxt 0] Action entry is MyIngress.set_nhop - a010102,1,
[04:59:41.689] [bmv2] [T] [thread 41423] [6.0] [cxt 0] Action MyIngress.set_nhop
[04:59:41.689] [bmv2] [T] [thread 41423] [6.0] [cxt 0] /home/p4/project7/p4src/netlock.p4(39) Primitive hdr.ethernet.srcAddr = hdr.ethernet.dstAddr
[04:59:41.689] [bmv2] [T] [thread 41423] [6.0] [cxt 0] /home/p4/project7/p4src/netlock.p4(42) Primitive hdr.ethernet.dstAddr = dstAddr
[04:59:41.689] [bmv2] [T] [thread 41423] [6.0] [cxt 0] /home/p4/project7/p4src/netlock.p4(44) Primitive standard_metadata.egress_spec = port
[04:59:41.689] [bmv2] [T] [thread 41423] [6.0] [cxt 0] /home/p4/project7/p4src/netlock.p4(47) Primitive hdr.ipv4.ttl = hdr.ipv4.ttl - 1
[04:59:41.689] [bmv2] [D] [thread 41423] [6.0] [cxt 0] Pipeline 'ingress': end
[04:59:41.689] [bmv2] [D] [thread 41423] [6.0] [cxt 0] Egress port is 1
[04:59:41.690] [bmv2] [D] [thread 41425] [6.0] [cxt 0] Pipeline 'egress': start
[04:59:41.690] [bmv2] [D] [thread 41425] [6.0] [cxt 0] Pipeline 'egress': end
[04:59:41.690] [bmv2] [D] [thread 41425] [6.0] [cxt 0] Deparser 'deparser': start
[04:59:41.690] [bmv2] [D] [thread 41425] [6.0] [cxt 0] Updating checksum 'cksum'
[04:59:41.690] [bmv2] [D] [thread 41425] [6.0] [cxt 0] Deparsing header 'ethernet'
[04:59:41.690] [bmv2] [D] [thread 41425] [6.0] [cxt 0] Deparsing header 'ipv4'
[04:59:41.690] [bmv2] [D] [thread 41425] [6.0] [cxt 0] Deparsing header 'udp'
[04:59:41.690] [bmv2] [D] [thread 41425] [6.0] [cxt 0] Deparser 'deparser': end
[04:59:41.690] [bmv2] [D] [thread 41428] [6.0] [cxt 0] Transmitting packet of size 42 out of port 1
[04:59:47.691] [bmv2] [D] [thread 41423] [7.0] [cxt 0] Processing packet received on port 1
[04:59:47.691] [bmv2] [D] [thread 41423] [7.0] [cxt 0] Parser 'parser': start
[04:59:47.691] [bmv2] [D] [thread 41423] [7.0] [cxt 0] Parser 'parser' entering state 'start'
[04:59:47.691] [bmv2] [D] [thread 41423] [7.0] [cxt 0] Extracting header 'ethernet'
[04:59:47.691] [bmv2] [D] [thread 41423] [7.0] [cxt 0] Parser state 'start': key is 7777
[04:59:47.691] [bmv2] [T] [thread 41423] [7.0] [cxt 0] Bytes parsed: 14
[04:59:47.691] [bmv2] [D] [thread 41423] [7.0] [cxt 0] Parser 'parser' entering state 'parse_netlock'
[04:59:47.691] [bmv2] [D] [thread 41423] [7.0] [cxt 0] Extracting header 'netlock'
[04:59:47.691] [bmv2] [D] [thread 41423] [7.0] [cxt 0] Parser state 'parse_netlock': key is 0000
[04:59:47.691] [bmv2] [T] [thread 41423] [7.0] [cxt 0] Bytes parsed: 16
[04:59:47.692] [bmv2] [D] [thread 41423] [7.0] [cxt 0] Parser 'parser' entering state 'parse_ipv4'
[04:59:47.692] [bmv2] [D] [thread 41423] [7.0] [cxt 0] Extracting header 'ipv4'
[04:59:47.692] [bmv2] [D] [thread 41423] [7.0] [cxt 0] Parser state 'parse_ipv4': key is 11
[04:59:47.692] [bmv2] [T] [thread 41423] [7.0] [cxt 0] Bytes parsed: 36
[04:59:47.692] [bmv2] [D] [thread 41423] [7.0] [cxt 0] Parser 'parser' entering state 'parse_udp'
[04:59:47.692] [bmv2] [D] [thread 41423] [7.0] [cxt 0] Extracting header 'udp'
[04:59:47.692] [bmv2] [D] [thread 41423] [7.0] [cxt 0] Parser state 'parse_udp' has no switch, going to default next state
[04:59:47.692] [bmv2] [T] [thread 41423] [7.0] [cxt 0] Bytes parsed: 44
[04:59:47.692] [bmv2] [D] [thread 41423] [7.0] [cxt 0] Parser 'parser': end
[04:59:47.692] [bmv2] [D] [thread 41423] [7.0] [cxt 0] Pipeline 'ingress': start
[04:59:47.692] [bmv2] [T] [thread 41423] [7.0] [cxt 0] /home/p4/project7/p4src/netlock.p4(136) Condition "hdr.ipv4.isValid()" (node_2) is true
[04:59:47.692] [bmv2] [T] [thread 41423] [7.0] [cxt 0] /home/p4/project7/p4src/netlock.p4(138) Condition "hdr.netlock.isValid() && hdr.udp.isValid()" (node_3) is true
[04:59:47.692] [bmv2] [T] [thread 41423] [7.0] [cxt 0] /home/p4/project7/p4src/netlock.p4(139) Condition "hdr.netlock.act == 0" (node_4) is false
[04:59:47.692] [bmv2] [T] [thread 41423] [7.0] [cxt 0] Applying table 'tbl_netlock160'
[04:59:47.692] [bmv2] [D] [thread 41423] [7.0] [cxt 0] Looking up key:

[04:59:47.692] [bmv2] [D] [thread 41423] [7.0] [cxt 0] Table 'tbl_netlock160': miss
[04:59:47.692] [bmv2] [D] [thread 41423] [7.0] [cxt 0] Action entry is netlock160 - 
[04:59:47.692] [bmv2] [T] [thread 41423] [7.0] [cxt 0] Action netlock160
[04:59:47.692] [bmv2] [T] [thread 41423] [7.0] [cxt 0] /home/p4/project7/p4src/netlock.p4(160) Primitive queue_heads.read(head, (bit<32>)0)
[04:59:47.692] [bmv2] [T] [thread 41423] [7.0] [cxt 0] Read register 'MyIngress.queue_heads' at index 0 read value 0
[04:59:47.692] [bmv2] [T] [thread 41423] [7.0] [cxt 0] /home/p4/project7/p4src/netlock.p4(161) Primitive queue_tails.read(tail, (bit<32>)0)
[04:59:47.692] [bmv2] [T] [thread 41423] [7.0] [cxt 0] Read register 'MyIngress.queue_tails' at index 0 read value 0
[04:59:47.692] [bmv2] [T] [thread 41423] [7.0] [cxt 0] /home/p4/project7/p4src/netlock.p4(162) Condition "head == tail" (node_14) is true
[04:59:47.692] [bmv2] [T] [thread 41423] [7.0] [cxt 0] Applying table 'tbl_netlock164'
[04:59:47.692] [bmv2] [D] [thread 41423] [7.0] [cxt 0] Looking up key:

[04:59:47.692] [bmv2] [D] [thread 41423] [7.0] [cxt 0] Table 'tbl_netlock164': miss
[04:59:47.692] [bmv2] [D] [thread 41423] [7.0] [cxt 0] Action entry is netlock164 - 
[04:59:47.692] [bmv2] [T] [thread 41423] [7.0] [cxt 0] Action netlock164
[04:59:47.692] [bmv2] [T] [thread 41423] [7.0] [cxt 0] /home/p4/project7/p4src/netlock.p4(164) Primitive lock_statuses.write((bit<32>)0, UNSET)
[04:59:47.692] [bmv2] [T] [thread 41423] [7.0] [cxt 0] Wrote register 'MyIngress.lock_statuses' at index 0 with value 0
[04:59:47.692] [bmv2] [T] [thread 41423] [7.0] [cxt 0] Applying table 'tbl_drop_0'
[04:59:47.692] [bmv2] [D] [thread 41423] [7.0] [cxt 0] Looking up key:

[04:59:47.692] [bmv2] [D] [thread 41423] [7.0] [cxt 0] Table 'tbl_drop_0': miss
[04:59:47.692] [bmv2] [D] [thread 41423] [7.0] [cxt 0] Action entry is MyIngress.drop - 
[04:59:47.692] [bmv2] [T] [thread 41423] [7.0] [cxt 0] Action MyIngress.drop
[04:59:47.692] [bmv2] [T] [thread 41423] [7.0] [cxt 0] /home/p4/project7/p4src/netlock.p4(51) Primitive mark_to_drop(standard_metadata)
[04:59:47.692] [bmv2] [T] [thread 41423] [7.0] [cxt 0] Applying table 'MyIngress.ipv4_lpm'
[04:59:47.692] [bmv2] [D] [thread 41423] [7.0] [cxt 0] Looking up key:
* hdr.ipv4.dstAddr    : 0a010202

[04:59:47.692] [bmv2] [D] [thread 41423] [7.0] [cxt 0] Table 'MyIngress.ipv4_lpm': hit with handle 1
[04:59:47.692] [bmv2] [D] [thread 41423] [7.0] [cxt 0] Dumping entry 1
Match key:
* hdr.ipv4.dstAddr    : LPM       0a010202/32
Action entry: MyIngress.set_nhop - a010202,2,

[04:59:47.692] [bmv2] [D] [thread 41423] [7.0] [cxt 0] Action entry is MyIngress.set_nhop - a010202,2,
[04:59:47.692] [bmv2] [T] [thread 41423] [7.0] [cxt 0] Action MyIngress.set_nhop
[04:59:47.692] [bmv2] [T] [thread 41423] [7.0] [cxt 0] /home/p4/project7/p4src/netlock.p4(39) Primitive hdr.ethernet.srcAddr = hdr.ethernet.dstAddr
[04:59:47.692] [bmv2] [T] [thread 41423] [7.0] [cxt 0] /home/p4/project7/p4src/netlock.p4(42) Primitive hdr.ethernet.dstAddr = dstAddr
[04:59:47.692] [bmv2] [T] [thread 41423] [7.0] [cxt 0] /home/p4/project7/p4src/netlock.p4(44) Primitive standard_metadata.egress_spec = port
[04:59:47.692] [bmv2] [T] [thread 41423] [7.0] [cxt 0] /home/p4/project7/p4src/netlock.p4(47) Primitive hdr.ipv4.ttl = hdr.ipv4.ttl - 1
[04:59:47.692] [bmv2] [D] [thread 41423] [7.0] [cxt 0] Pipeline 'ingress': end
[04:59:47.692] [bmv2] [D] [thread 41423] [7.0] [cxt 0] Egress port is 2
[04:59:47.692] [bmv2] [D] [thread 41426] [7.0] [cxt 0] Pipeline 'egress': start
[04:59:47.692] [bmv2] [D] [thread 41426] [7.0] [cxt 0] Pipeline 'egress': end
[04:59:47.692] [bmv2] [D] [thread 41426] [7.0] [cxt 0] Deparser 'deparser': start
[04:59:47.692] [bmv2] [D] [thread 41426] [7.0] [cxt 0] Updating checksum 'cksum'
[04:59:47.692] [bmv2] [D] [thread 41426] [7.0] [cxt 0] Deparsing header 'ethernet'
[04:59:47.692] [bmv2] [D] [thread 41426] [7.0] [cxt 0] Deparsing header 'netlock'
[04:59:47.692] [bmv2] [D] [thread 41426] [7.0] [cxt 0] Deparsing header 'ipv4'
[04:59:47.692] [bmv2] [D] [thread 41426] [7.0] [cxt 0] Deparsing header 'udp'
[04:59:47.692] [bmv2] [D] [thread 41426] [7.0] [cxt 0] Deparser 'deparser': end
[04:59:47.692] [bmv2] [D] [thread 41428] [7.0] [cxt 0] Transmitting packet of size 44 out of port 2
[04:59:55.716] [bmv2] [D] [thread 41423] [8.0] [cxt 0] Processing packet received on port 1
[04:59:55.716] [bmv2] [D] [thread 41423] [8.0] [cxt 0] Parser 'parser': start
[04:59:55.716] [bmv2] [D] [thread 41423] [8.0] [cxt 0] Parser 'parser' entering state 'start'
[04:59:55.716] [bmv2] [D] [thread 41423] [8.0] [cxt 0] Extracting header 'ethernet'
[04:59:55.716] [bmv2] [D] [thread 41423] [8.0] [cxt 0] Parser state 'start': key is 7777
[04:59:55.716] [bmv2] [T] [thread 41423] [8.0] [cxt 0] Bytes parsed: 14
[04:59:55.716] [bmv2] [D] [thread 41423] [8.0] [cxt 0] Parser 'parser' entering state 'parse_netlock'
[04:59:55.717] [bmv2] [D] [thread 41423] [8.0] [cxt 0] Extracting header 'netlock'
[04:59:55.717] [bmv2] [D] [thread 41423] [8.0] [cxt 0] Parser state 'parse_netlock': key is 0000
[04:59:55.717] [bmv2] [T] [thread 41423] [8.0] [cxt 0] Bytes parsed: 16
[04:59:55.717] [bmv2] [D] [thread 41423] [8.0] [cxt 0] Parser 'parser' entering state 'parse_ipv4'
[04:59:55.717] [bmv2] [D] [thread 41423] [8.0] [cxt 0] Extracting header 'ipv4'
[04:59:55.717] [bmv2] [D] [thread 41423] [8.0] [cxt 0] Parser state 'parse_ipv4': key is 11
[04:59:55.717] [bmv2] [T] [thread 41423] [8.0] [cxt 0] Bytes parsed: 36
[04:59:55.717] [bmv2] [D] [thread 41423] [8.0] [cxt 0] Parser 'parser' entering state 'parse_udp'
[04:59:55.717] [bmv2] [D] [thread 41423] [8.0] [cxt 0] Extracting header 'udp'
[04:59:55.717] [bmv2] [D] [thread 41423] [8.0] [cxt 0] Parser state 'parse_udp' has no switch, going to default next state
[04:59:55.717] [bmv2] [T] [thread 41423] [8.0] [cxt 0] Bytes parsed: 44
[04:59:55.717] [bmv2] [D] [thread 41423] [8.0] [cxt 0] Parser 'parser': end
[04:59:55.717] [bmv2] [D] [thread 41423] [8.0] [cxt 0] Pipeline 'ingress': start
[04:59:55.717] [bmv2] [T] [thread 41423] [8.0] [cxt 0] /home/p4/project7/p4src/netlock.p4(136) Condition "hdr.ipv4.isValid()" (node_2) is true
[04:59:55.717] [bmv2] [T] [thread 41423] [8.0] [cxt 0] /home/p4/project7/p4src/netlock.p4(138) Condition "hdr.netlock.isValid() && hdr.udp.isValid()" (node_3) is true
[04:59:55.717] [bmv2] [T] [thread 41423] [8.0] [cxt 0] /home/p4/project7/p4src/netlock.p4(139) Condition "hdr.netlock.act == 0" (node_4) is true
[04:59:55.717] [bmv2] [T] [thread 41423] [8.0] [cxt 0] Applying table 'tbl_netlock142'
[04:59:55.717] [bmv2] [D] [thread 41423] [8.0] [cxt 0] Looking up key:

[04:59:55.717] [bmv2] [D] [thread 41423] [8.0] [cxt 0] Table 'tbl_netlock142': miss
[04:59:55.717] [bmv2] [D] [thread 41423] [8.0] [cxt 0] Action entry is netlock142 - 
[04:59:55.717] [bmv2] [T] [thread 41423] [8.0] [cxt 0] Action netlock142
[04:59:55.717] [bmv2] [T] [thread 41423] [8.0] [cxt 0] /home/p4/project7/p4src/netlock.p4(142) Primitive lock_statuses.read(current_status, (bit<32>)0)
[04:59:55.717] [bmv2] [T] [thread 41423] [8.0] [cxt 0] Read register 'MyIngress.lock_statuses' at index 0 read value 0
[04:59:55.717] [bmv2] [T] [thread 41423] [8.0] [cxt 0] /home/p4/project7/p4src/netlock.p4(143) Condition "current_status == UNSET" (node_6) is true
[04:59:55.717] [bmv2] [T] [thread 41423] [8.0] [cxt 0] Applying table 'tbl_netlock144'
[04:59:55.717] [bmv2] [D] [thread 41423] [8.0] [cxt 0] Looking up key:

[04:59:55.717] [bmv2] [D] [thread 41423] [8.0] [cxt 0] Table 'tbl_netlock144': miss
[04:59:55.717] [bmv2] [D] [thread 41423] [8.0] [cxt 0] Action entry is netlock144 - 
[04:59:55.717] [bmv2] [T] [thread 41423] [8.0] [cxt 0] Action netlock144
[04:59:55.717] [bmv2] [T] [thread 41423] [8.0] [cxt 0] /home/p4/project7/p4src/netlock.p4(144) Primitive lock_statuses.write((bit<32>)0, SET)
[04:59:55.717] [bmv2] [T] [thread 41423] [8.0] [cxt 0] Wrote register 'MyIngress.lock_statuses' at index 0 with value 1
[04:59:55.717] [bmv2] [T] [thread 41423] [8.0] [cxt 0] Applying table 'tbl_remove_netlock'
[04:59:55.717] [bmv2] [D] [thread 41423] [8.0] [cxt 0] Looking up key:

[04:59:55.717] [bmv2] [D] [thread 41423] [8.0] [cxt 0] Table 'tbl_remove_netlock': miss
[04:59:55.717] [bmv2] [D] [thread 41423] [8.0] [cxt 0] Action entry is MyIngress.remove_netlock - 
[04:59:55.717] [bmv2] [T] [thread 41423] [8.0] [cxt 0] Action MyIngress.remove_netlock
[04:59:55.717] [bmv2] [T] [thread 41423] [8.0] [cxt 0] /home/p4/project7/p4src/netlock.p4(75) Primitive hdr.netlock.setInvalid()
[04:59:55.717] [bmv2] [T] [thread 41423] [8.0] [cxt 0] /home/p4/project7/p4src/include/headers.p4(5) Primitive 0x800; ...
[04:59:55.717] [bmv2] [T] [thread 41423] [8.0] [cxt 0] Applying table 'tbl_swap_ip'
[04:59:55.717] [bmv2] [D] [thread 41423] [8.0] [cxt 0] Looking up key:

[04:59:55.717] [bmv2] [D] [thread 41423] [8.0] [cxt 0] Table 'tbl_swap_ip': miss
[04:59:55.717] [bmv2] [D] [thread 41423] [8.0] [cxt 0] Action entry is MyIngress.swap_ip - 
[04:59:55.717] [bmv2] [T] [thread 41423] [8.0] [cxt 0] Action MyIngress.swap_ip
[04:59:55.717] [bmv2] [T] [thread 41423] [8.0] [cxt 0] /home/p4/project7/p4src/netlock.p4(80) Primitive ip4Addr_t tmp = hdr.ipv4.srcAddr;
[04:59:55.717] [bmv2] [T] [thread 41423] [8.0] [cxt 0] /home/p4/project7/p4src/netlock.p4(81) Primitive hdr.ipv4.srcAddr = hdr.ipv4.dstAddr
[04:59:55.717] [bmv2] [T] [thread 41423] [8.0] [cxt 0] /home/p4/project7/p4src/netlock.p4(82) Primitive hdr.ipv4.dstAddr = tmp
[04:59:55.717] [bmv2] [T] [thread 41423] [8.0] [cxt 0] Applying table 'tbl_swap_udp'
[04:59:55.717] [bmv2] [D] [thread 41423] [8.0] [cxt 0] Looking up key:

[04:59:55.717] [bmv2] [D] [thread 41423] [8.0] [cxt 0] Table 'tbl_swap_udp': miss
[04:59:55.717] [bmv2] [D] [thread 41423] [8.0] [cxt 0] Action entry is MyIngress.swap_udp - 
[04:59:55.718] [bmv2] [T] [thread 41423] [8.0] [cxt 0] Action MyIngress.swap_udp
[04:59:55.718] [bmv2] [T] [thread 41423] [8.0] [cxt 0] /home/p4/project7/p4src/netlock.p4(88) Primitive hdr.udp.srcPort = hdr.udp.dstPort
[04:59:55.718] [bmv2] [T] [thread 41423] [8.0] [cxt 0] Applying table 'MyIngress.ipv4_lpm'
[04:59:55.718] [bmv2] [D] [thread 41423] [8.0] [cxt 0] Looking up key:
* hdr.ipv4.dstAddr    : 0a010102

[04:59:55.718] [bmv2] [D] [thread 41423] [8.0] [cxt 0] Table 'MyIngress.ipv4_lpm': hit with handle 0
[04:59:55.718] [bmv2] [D] [thread 41423] [8.0] [cxt 0] Dumping entry 0
Match key:
* hdr.ipv4.dstAddr    : LPM       0a010102/32
Action entry: MyIngress.set_nhop - a010102,1,

[04:59:55.718] [bmv2] [D] [thread 41423] [8.0] [cxt 0] Action entry is MyIngress.set_nhop - a010102,1,
[04:59:55.718] [bmv2] [T] [thread 41423] [8.0] [cxt 0] Action MyIngress.set_nhop
[04:59:55.718] [bmv2] [T] [thread 41423] [8.0] [cxt 0] /home/p4/project7/p4src/netlock.p4(39) Primitive hdr.ethernet.srcAddr = hdr.ethernet.dstAddr
[04:59:55.718] [bmv2] [T] [thread 41423] [8.0] [cxt 0] /home/p4/project7/p4src/netlock.p4(42) Primitive hdr.ethernet.dstAddr = dstAddr
[04:59:55.718] [bmv2] [T] [thread 41423] [8.0] [cxt 0] /home/p4/project7/p4src/netlock.p4(44) Primitive standard_metadata.egress_spec = port
[04:59:55.718] [bmv2] [T] [thread 41423] [8.0] [cxt 0] /home/p4/project7/p4src/netlock.p4(47) Primitive hdr.ipv4.ttl = hdr.ipv4.ttl - 1
[04:59:55.718] [bmv2] [D] [thread 41423] [8.0] [cxt 0] Pipeline 'ingress': end
[04:59:55.718] [bmv2] [D] [thread 41423] [8.0] [cxt 0] Egress port is 1
[04:59:55.718] [bmv2] [D] [thread 41425] [8.0] [cxt 0] Pipeline 'egress': start
[04:59:55.718] [bmv2] [D] [thread 41425] [8.0] [cxt 0] Pipeline 'egress': end
[04:59:55.718] [bmv2] [D] [thread 41425] [8.0] [cxt 0] Deparser 'deparser': start
[04:59:55.718] [bmv2] [D] [thread 41425] [8.0] [cxt 0] Updating checksum 'cksum'
[04:59:55.718] [bmv2] [D] [thread 41425] [8.0] [cxt 0] Deparsing header 'ethernet'
[04:59:55.718] [bmv2] [D] [thread 41425] [8.0] [cxt 0] Deparsing header 'ipv4'
[04:59:55.718] [bmv2] [D] [thread 41425] [8.0] [cxt 0] Deparsing header 'udp'
[04:59:55.718] [bmv2] [D] [thread 41425] [8.0] [cxt 0] Deparser 'deparser': end
[04:59:55.718] [bmv2] [D] [thread 41428] [8.0] [cxt 0] Transmitting packet of size 42 out of port 1
[05:00:01.224] [bmv2] [D] [thread 41423] [9.0] [cxt 0] Processing packet received on port 1
[05:00:01.224] [bmv2] [D] [thread 41423] [9.0] [cxt 0] Parser 'parser': start
[05:00:01.224] [bmv2] [D] [thread 41423] [9.0] [cxt 0] Parser 'parser' entering state 'start'
[05:00:01.224] [bmv2] [D] [thread 41423] [9.0] [cxt 0] Extracting header 'ethernet'
[05:00:01.224] [bmv2] [D] [thread 41423] [9.0] [cxt 0] Parser state 'start': key is 7777
[05:00:01.224] [bmv2] [T] [thread 41423] [9.0] [cxt 0] Bytes parsed: 14
[05:00:01.224] [bmv2] [D] [thread 41423] [9.0] [cxt 0] Parser 'parser' entering state 'parse_netlock'
[05:00:01.224] [bmv2] [D] [thread 41423] [9.0] [cxt 0] Extracting header 'netlock'
[05:00:01.224] [bmv2] [D] [thread 41423] [9.0] [cxt 0] Parser state 'parse_netlock': key is 0000
[05:00:01.224] [bmv2] [T] [thread 41423] [9.0] [cxt 0] Bytes parsed: 16
[05:00:01.224] [bmv2] [D] [thread 41423] [9.0] [cxt 0] Parser 'parser' entering state 'parse_ipv4'
[05:00:01.224] [bmv2] [D] [thread 41423] [9.0] [cxt 0] Extracting header 'ipv4'
[05:00:01.224] [bmv2] [D] [thread 41423] [9.0] [cxt 0] Parser state 'parse_ipv4': key is 11
[05:00:01.224] [bmv2] [T] [thread 41423] [9.0] [cxt 0] Bytes parsed: 36
[05:00:01.225] [bmv2] [D] [thread 41423] [9.0] [cxt 0] Parser 'parser' entering state 'parse_udp'
[05:00:01.225] [bmv2] [D] [thread 41423] [9.0] [cxt 0] Extracting header 'udp'
[05:00:01.225] [bmv2] [D] [thread 41423] [9.0] [cxt 0] Parser state 'parse_udp' has no switch, going to default next state
[05:00:01.225] [bmv2] [T] [thread 41423] [9.0] [cxt 0] Bytes parsed: 44
[05:00:01.225] [bmv2] [D] [thread 41423] [9.0] [cxt 0] Parser 'parser': end
[05:00:01.225] [bmv2] [D] [thread 41423] [9.0] [cxt 0] Pipeline 'ingress': start
[05:00:01.225] [bmv2] [T] [thread 41423] [9.0] [cxt 0] /home/p4/project7/p4src/netlock.p4(136) Condition "hdr.ipv4.isValid()" (node_2) is true
[05:00:01.225] [bmv2] [T] [thread 41423] [9.0] [cxt 0] /home/p4/project7/p4src/netlock.p4(138) Condition "hdr.netlock.isValid() && hdr.udp.isValid()" (node_3) is true
[05:00:01.225] [bmv2] [T] [thread 41423] [9.0] [cxt 0] /home/p4/project7/p4src/netlock.p4(139) Condition "hdr.netlock.act == 0" (node_4) is true
[05:00:01.225] [bmv2] [T] [thread 41423] [9.0] [cxt 0] Applying table 'tbl_netlock142'
[05:00:01.225] [bmv2] [D] [thread 41423] [9.0] [cxt 0] Looking up key:

[05:00:01.225] [bmv2] [D] [thread 41423] [9.0] [cxt 0] Table 'tbl_netlock142': miss
[05:00:01.225] [bmv2] [D] [thread 41423] [9.0] [cxt 0] Action entry is netlock142 - 
[05:00:01.225] [bmv2] [T] [thread 41423] [9.0] [cxt 0] Action netlock142
[05:00:01.225] [bmv2] [T] [thread 41423] [9.0] [cxt 0] /home/p4/project7/p4src/netlock.p4(142) Primitive lock_statuses.read(current_status, (bit<32>)0)
[05:00:01.225] [bmv2] [T] [thread 41423] [9.0] [cxt 0] Read register 'MyIngress.lock_statuses' at index 0 read value 1
[05:00:01.225] [bmv2] [T] [thread 41423] [9.0] [cxt 0] /home/p4/project7/p4src/netlock.p4(143) Condition "current_status == UNSET" (node_6) is false
[05:00:01.225] [bmv2] [T] [thread 41423] [9.0] [cxt 0] Applying table 'tbl_push_queue'
[05:00:01.225] [bmv2] [D] [thread 41423] [9.0] [cxt 0] Looking up key:

[05:00:01.225] [bmv2] [D] [thread 41423] [9.0] [cxt 0] Table 'tbl_push_queue': miss
[05:00:01.225] [bmv2] [D] [thread 41423] [9.0] [cxt 0] Action entry is MyIngress.push_queue - 
[05:00:01.225] [bmv2] [T] [thread 41423] [9.0] [cxt 0] Action MyIngress.push_queue
[05:00:01.225] [bmv2] [T] [thread 41423] [9.0] [cxt 0] /home/p4/project7/p4src/netlock.p4(56) Primitive queue_tails.read(tail, (bit<32>)0)
[05:00:01.225] [bmv2] [T] [thread 41423] [9.0] [cxt 0] Read register 'MyIngress.queue_tails' at index 0 read value 0
[05:00:01.225] [bmv2] [T] [thread 41423] [9.0] [cxt 0] /home/p4/project7/p4src/netlock.p4(57) Primitive lock_queue_ip.write(tail, hdr.ipv4.srcAddr)
[05:00:01.225] [bmv2] [T] [thread 41423] [9.0] [cxt 0] Wrote register 'MyIngress.lock_queue_ip' at index 0 with value 167837954
[05:00:01.225] [bmv2] [T] [thread 41423] [9.0] [cxt 0] /home/p4/project7/p4src/netlock.p4(58) Primitive lock_queue_udp.write(tail, hdr.udp.srcPort)
[05:00:01.225] [bmv2] [T] [thread 41423] [9.0] [cxt 0] Wrote register 'MyIngress.lock_queue_udp' at index 0 with value 10288
[05:00:01.225] [bmv2] [T] [thread 41423] [9.0] [cxt 0] /home/p4/project7/p4src/netlock.p4(59) Primitive tail = (tail + 1) % QueueSize
[05:00:01.225] [bmv2] [T] [thread 41423] [9.0] [cxt 0] /home/p4/project7/p4src/netlock.p4(60) Primitive queue_tails.write((bit<32>)0, tail)
[05:00:01.225] [bmv2] [T] [thread 41423] [9.0] [cxt 0] Wrote register 'MyIngress.queue_tails' at index 0 with value 1
[05:00:01.225] [bmv2] [T] [thread 41423] [9.0] [cxt 0] Applying table 'tbl_drop'
[05:00:01.225] [bmv2] [D] [thread 41423] [9.0] [cxt 0] Looking up key:

[05:00:01.225] [bmv2] [D] [thread 41423] [9.0] [cxt 0] Table 'tbl_drop': miss
[05:00:01.225] [bmv2] [D] [thread 41423] [9.0] [cxt 0] Action entry is MyIngress.drop - 
[05:00:01.225] [bmv2] [T] [thread 41423] [9.0] [cxt 0] Action MyIngress.drop
[05:00:01.225] [bmv2] [T] [thread 41423] [9.0] [cxt 0] /home/p4/project7/p4src/netlock.p4(51) Primitive mark_to_drop(standard_metadata)
[05:00:01.225] [bmv2] [T] [thread 41423] [9.0] [cxt 0] Applying table 'MyIngress.ipv4_lpm'
[05:00:01.225] [bmv2] [D] [thread 41423] [9.0] [cxt 0] Looking up key:
* hdr.ipv4.dstAddr    : 0a010202

[05:00:01.225] [bmv2] [D] [thread 41423] [9.0] [cxt 0] Table 'MyIngress.ipv4_lpm': hit with handle 1
[05:00:01.225] [bmv2] [D] [thread 41423] [9.0] [cxt 0] Dumping entry 1
Match key:
* hdr.ipv4.dstAddr    : LPM       0a010202/32
Action entry: MyIngress.set_nhop - a010202,2,

[05:00:01.225] [bmv2] [D] [thread 41423] [9.0] [cxt 0] Action entry is MyIngress.set_nhop - a010202,2,
[05:00:01.225] [bmv2] [T] [thread 41423] [9.0] [cxt 0] Action MyIngress.set_nhop
[05:00:01.225] [bmv2] [T] [thread 41423] [9.0] [cxt 0] /home/p4/project7/p4src/netlock.p4(39) Primitive hdr.ethernet.srcAddr = hdr.ethernet.dstAddr
[05:00:01.225] [bmv2] [T] [thread 41423] [9.0] [cxt 0] /home/p4/project7/p4src/netlock.p4(42) Primitive hdr.ethernet.dstAddr = dstAddr
[05:00:01.225] [bmv2] [T] [thread 41423] [9.0] [cxt 0] /home/p4/project7/p4src/netlock.p4(44) Primitive standard_metadata.egress_spec = port
[05:00:01.225] [bmv2] [T] [thread 41423] [9.0] [cxt 0] /home/p4/project7/p4src/netlock.p4(47) Primitive hdr.ipv4.ttl = hdr.ipv4.ttl - 1
[05:00:01.225] [bmv2] [D] [thread 41423] [9.0] [cxt 0] Pipeline 'ingress': end
[05:00:01.225] [bmv2] [D] [thread 41423] [9.0] [cxt 0] Egress port is 2
[05:00:01.226] [bmv2] [D] [thread 41426] [9.0] [cxt 0] Pipeline 'egress': start
[05:00:01.226] [bmv2] [D] [thread 41426] [9.0] [cxt 0] Pipeline 'egress': end
[05:00:01.226] [bmv2] [D] [thread 41426] [9.0] [cxt 0] Deparser 'deparser': start
[05:00:01.226] [bmv2] [D] [thread 41426] [9.0] [cxt 0] Updating checksum 'cksum'
[05:00:01.226] [bmv2] [D] [thread 41426] [9.0] [cxt 0] Deparsing header 'ethernet'
[05:00:01.226] [bmv2] [D] [thread 41426] [9.0] [cxt 0] Deparsing header 'netlock'
[05:00:01.226] [bmv2] [D] [thread 41426] [9.0] [cxt 0] Deparsing header 'ipv4'
[05:00:01.226] [bmv2] [D] [thread 41426] [9.0] [cxt 0] Deparsing header 'udp'
[05:00:01.226] [bmv2] [D] [thread 41426] [9.0] [cxt 0] Deparser 'deparser': end
[05:00:01.226] [bmv2] [D] [thread 41428] [9.0] [cxt 0] Transmitting packet of size 44 out of port 2
[05:00:06.612] [bmv2] [D] [thread 41423] [10.0] [cxt 0] Processing packet received on port 1
[05:00:06.612] [bmv2] [D] [thread 41423] [10.0] [cxt 0] Parser 'parser': start
[05:00:06.612] [bmv2] [D] [thread 41423] [10.0] [cxt 0] Parser 'parser' entering state 'start'
[05:00:06.612] [bmv2] [D] [thread 41423] [10.0] [cxt 0] Extracting header 'ethernet'
[05:00:06.612] [bmv2] [D] [thread 41423] [10.0] [cxt 0] Parser state 'start': key is 7777
[05:00:06.612] [bmv2] [T] [thread 41423] [10.0] [cxt 0] Bytes parsed: 14
[05:00:06.612] [bmv2] [D] [thread 41423] [10.0] [cxt 0] Parser 'parser' entering state 'parse_netlock'
[05:00:06.612] [bmv2] [D] [thread 41423] [10.0] [cxt 0] Extracting header 'netlock'
[05:00:06.612] [bmv2] [D] [thread 41423] [10.0] [cxt 0] Parser state 'parse_netlock': key is 0000
[05:00:06.612] [bmv2] [T] [thread 41423] [10.0] [cxt 0] Bytes parsed: 16
[05:00:06.612] [bmv2] [D] [thread 41423] [10.0] [cxt 0] Parser 'parser' entering state 'parse_ipv4'
[05:00:06.612] [bmv2] [D] [thread 41423] [10.0] [cxt 0] Extracting header 'ipv4'
[05:00:06.613] [bmv2] [D] [thread 41423] [10.0] [cxt 0] Parser state 'parse_ipv4': key is 11
[05:00:06.613] [bmv2] [T] [thread 41423] [10.0] [cxt 0] Bytes parsed: 36
[05:00:06.613] [bmv2] [D] [thread 41423] [10.0] [cxt 0] Parser 'parser' entering state 'parse_udp'
[05:00:06.613] [bmv2] [D] [thread 41423] [10.0] [cxt 0] Extracting header 'udp'
[05:00:06.613] [bmv2] [D] [thread 41423] [10.0] [cxt 0] Parser state 'parse_udp' has no switch, going to default next state
[05:00:06.613] [bmv2] [T] [thread 41423] [10.0] [cxt 0] Bytes parsed: 44
[05:00:06.613] [bmv2] [D] [thread 41423] [10.0] [cxt 0] Parser 'parser': end
[05:00:06.613] [bmv2] [D] [thread 41423] [10.0] [cxt 0] Pipeline 'ingress': start
[05:00:06.613] [bmv2] [T] [thread 41423] [10.0] [cxt 0] /home/p4/project7/p4src/netlock.p4(136) Condition "hdr.ipv4.isValid()" (node_2) is true
[05:00:06.613] [bmv2] [T] [thread 41423] [10.0] [cxt 0] /home/p4/project7/p4src/netlock.p4(138) Condition "hdr.netlock.isValid() && hdr.udp.isValid()" (node_3) is true
[05:00:06.613] [bmv2] [T] [thread 41423] [10.0] [cxt 0] /home/p4/project7/p4src/netlock.p4(139) Condition "hdr.netlock.act == 0" (node_4) is true
[05:00:06.613] [bmv2] [T] [thread 41423] [10.0] [cxt 0] Applying table 'tbl_netlock142'
[05:00:06.613] [bmv2] [D] [thread 41423] [10.0] [cxt 0] Looking up key:

[05:00:06.613] [bmv2] [D] [thread 41423] [10.0] [cxt 0] Table 'tbl_netlock142': miss
[05:00:06.613] [bmv2] [D] [thread 41423] [10.0] [cxt 0] Action entry is netlock142 - 
[05:00:06.613] [bmv2] [T] [thread 41423] [10.0] [cxt 0] Action netlock142
[05:00:06.613] [bmv2] [T] [thread 41423] [10.0] [cxt 0] /home/p4/project7/p4src/netlock.p4(142) Primitive lock_statuses.read(current_status, (bit<32>)0)
[05:00:06.613] [bmv2] [T] [thread 41423] [10.0] [cxt 0] Read register 'MyIngress.lock_statuses' at index 0 read value 1
[05:00:06.613] [bmv2] [T] [thread 41423] [10.0] [cxt 0] /home/p4/project7/p4src/netlock.p4(143) Condition "current_status == UNSET" (node_6) is false
[05:00:06.613] [bmv2] [T] [thread 41423] [10.0] [cxt 0] Applying table 'tbl_push_queue'
[05:00:06.613] [bmv2] [D] [thread 41423] [10.0] [cxt 0] Looking up key:

[05:00:06.613] [bmv2] [D] [thread 41423] [10.0] [cxt 0] Table 'tbl_push_queue': miss
[05:00:06.613] [bmv2] [D] [thread 41423] [10.0] [cxt 0] Action entry is MyIngress.push_queue - 
[05:00:06.613] [bmv2] [T] [thread 41423] [10.0] [cxt 0] Action MyIngress.push_queue
[05:00:06.613] [bmv2] [T] [thread 41423] [10.0] [cxt 0] /home/p4/project7/p4src/netlock.p4(56) Primitive queue_tails.read(tail, (bit<32>)0)
[05:00:06.613] [bmv2] [T] [thread 41423] [10.0] [cxt 0] Read register 'MyIngress.queue_tails' at index 0 read value 1
[05:00:06.613] [bmv2] [T] [thread 41423] [10.0] [cxt 0] /home/p4/project7/p4src/netlock.p4(57) Primitive lock_queue_ip.write(tail, hdr.ipv4.srcAddr)
[05:00:06.613] [bmv2] [T] [thread 41423] [10.0] [cxt 0] Wrote register 'MyIngress.lock_queue_ip' at index 1 with value 167837954
[05:00:06.613] [bmv2] [T] [thread 41423] [10.0] [cxt 0] /home/p4/project7/p4src/netlock.p4(58) Primitive lock_queue_udp.write(tail, hdr.udp.srcPort)
[05:00:06.613] [bmv2] [T] [thread 41423] [10.0] [cxt 0] Wrote register 'MyIngress.lock_queue_udp' at index 1 with value 23896
[05:00:06.613] [bmv2] [T] [thread 41423] [10.0] [cxt 0] /home/p4/project7/p4src/netlock.p4(59) Primitive tail = (tail + 1) % QueueSize
[05:00:06.613] [bmv2] [T] [thread 41423] [10.0] [cxt 0] /home/p4/project7/p4src/netlock.p4(60) Primitive queue_tails.write((bit<32>)0, tail)
[05:00:06.613] [bmv2] [T] [thread 41423] [10.0] [cxt 0] Wrote register 'MyIngress.queue_tails' at index 0 with value 2
[05:00:06.613] [bmv2] [T] [thread 41423] [10.0] [cxt 0] Applying table 'tbl_drop'
[05:00:06.613] [bmv2] [D] [thread 41423] [10.0] [cxt 0] Looking up key:

[05:00:06.613] [bmv2] [D] [thread 41423] [10.0] [cxt 0] Table 'tbl_drop': miss
[05:00:06.613] [bmv2] [D] [thread 41423] [10.0] [cxt 0] Action entry is MyIngress.drop - 
[05:00:06.613] [bmv2] [T] [thread 41423] [10.0] [cxt 0] Action MyIngress.drop
[05:00:06.613] [bmv2] [T] [thread 41423] [10.0] [cxt 0] /home/p4/project7/p4src/netlock.p4(51) Primitive mark_to_drop(standard_metadata)
[05:00:06.613] [bmv2] [T] [thread 41423] [10.0] [cxt 0] Applying table 'MyIngress.ipv4_lpm'
[05:00:06.613] [bmv2] [D] [thread 41423] [10.0] [cxt 0] Looking up key:
* hdr.ipv4.dstAddr    : 0a010202

[05:00:06.613] [bmv2] [D] [thread 41423] [10.0] [cxt 0] Table 'MyIngress.ipv4_lpm': hit with handle 1
[05:00:06.613] [bmv2] [D] [thread 41423] [10.0] [cxt 0] Dumping entry 1
Match key:
* hdr.ipv4.dstAddr    : LPM       0a010202/32
Action entry: MyIngress.set_nhop - a010202,2,

[05:00:06.613] [bmv2] [D] [thread 41423] [10.0] [cxt 0] Action entry is MyIngress.set_nhop - a010202,2,
[05:00:06.613] [bmv2] [T] [thread 41423] [10.0] [cxt 0] Action MyIngress.set_nhop
[05:00:06.613] [bmv2] [T] [thread 41423] [10.0] [cxt 0] /home/p4/project7/p4src/netlock.p4(39) Primitive hdr.ethernet.srcAddr = hdr.ethernet.dstAddr
[05:00:06.613] [bmv2] [T] [thread 41423] [10.0] [cxt 0] /home/p4/project7/p4src/netlock.p4(42) Primitive hdr.ethernet.dstAddr = dstAddr
[05:00:06.613] [bmv2] [T] [thread 41423] [10.0] [cxt 0] /home/p4/project7/p4src/netlock.p4(44) Primitive standard_metadata.egress_spec = port
[05:00:06.613] [bmv2] [T] [thread 41423] [10.0] [cxt 0] /home/p4/project7/p4src/netlock.p4(47) Primitive hdr.ipv4.ttl = hdr.ipv4.ttl - 1
[05:00:06.614] [bmv2] [D] [thread 41423] [10.0] [cxt 0] Pipeline 'ingress': end
[05:00:06.614] [bmv2] [D] [thread 41423] [10.0] [cxt 0] Egress port is 2
[05:00:06.614] [bmv2] [D] [thread 41426] [10.0] [cxt 0] Pipeline 'egress': start
[05:00:06.614] [bmv2] [D] [thread 41426] [10.0] [cxt 0] Pipeline 'egress': end
[05:00:06.614] [bmv2] [D] [thread 41426] [10.0] [cxt 0] Deparser 'deparser': start
[05:00:06.614] [bmv2] [D] [thread 41426] [10.0] [cxt 0] Updating checksum 'cksum'
[05:00:06.614] [bmv2] [D] [thread 41426] [10.0] [cxt 0] Deparsing header 'ethernet'
[05:00:06.614] [bmv2] [D] [thread 41426] [10.0] [cxt 0] Deparsing header 'netlock'
[05:00:06.614] [bmv2] [D] [thread 41426] [10.0] [cxt 0] Deparsing header 'ipv4'
[05:00:06.614] [bmv2] [D] [thread 41426] [10.0] [cxt 0] Deparsing header 'udp'
[05:00:06.614] [bmv2] [D] [thread 41426] [10.0] [cxt 0] Deparser 'deparser': end
[05:00:06.614] [bmv2] [D] [thread 41428] [10.0] [cxt 0] Transmitting packet of size 44 out of port 2
[05:00:11.629] [bmv2] [D] [thread 41423] [11.0] [cxt 0] Processing packet received on port 1
[05:00:11.629] [bmv2] [D] [thread 41423] [11.0] [cxt 0] Parser 'parser': start
[05:00:11.629] [bmv2] [D] [thread 41423] [11.0] [cxt 0] Parser 'parser' entering state 'start'
[05:00:11.629] [bmv2] [D] [thread 41423] [11.0] [cxt 0] Extracting header 'ethernet'
[05:00:11.629] [bmv2] [D] [thread 41423] [11.0] [cxt 0] Parser state 'start': key is 7777
[05:00:11.629] [bmv2] [T] [thread 41423] [11.0] [cxt 0] Bytes parsed: 14
[05:00:11.629] [bmv2] [D] [thread 41423] [11.0] [cxt 0] Parser 'parser' entering state 'parse_netlock'
[05:00:11.629] [bmv2] [D] [thread 41423] [11.0] [cxt 0] Extracting header 'netlock'
[05:00:11.629] [bmv2] [D] [thread 41423] [11.0] [cxt 0] Parser state 'parse_netlock': key is 0000
[05:00:11.629] [bmv2] [T] [thread 41423] [11.0] [cxt 0] Bytes parsed: 16
[05:00:11.629] [bmv2] [D] [thread 41423] [11.0] [cxt 0] Parser 'parser' entering state 'parse_ipv4'
[05:00:11.629] [bmv2] [D] [thread 41423] [11.0] [cxt 0] Extracting header 'ipv4'
[05:00:11.629] [bmv2] [D] [thread 41423] [11.0] [cxt 0] Parser state 'parse_ipv4': key is 11
[05:00:11.629] [bmv2] [T] [thread 41423] [11.0] [cxt 0] Bytes parsed: 36
[05:00:11.629] [bmv2] [D] [thread 41423] [11.0] [cxt 0] Parser 'parser' entering state 'parse_udp'
[05:00:11.629] [bmv2] [D] [thread 41423] [11.0] [cxt 0] Extracting header 'udp'
[05:00:11.629] [bmv2] [D] [thread 41423] [11.0] [cxt 0] Parser state 'parse_udp' has no switch, going to default next state
[05:00:11.629] [bmv2] [T] [thread 41423] [11.0] [cxt 0] Bytes parsed: 44
[05:00:11.629] [bmv2] [D] [thread 41423] [11.0] [cxt 0] Parser 'parser': end
[05:00:11.629] [bmv2] [D] [thread 41423] [11.0] [cxt 0] Pipeline 'ingress': start
[05:00:11.629] [bmv2] [T] [thread 41423] [11.0] [cxt 0] /home/p4/project7/p4src/netlock.p4(136) Condition "hdr.ipv4.isValid()" (node_2) is true
[05:00:11.629] [bmv2] [T] [thread 41423] [11.0] [cxt 0] /home/p4/project7/p4src/netlock.p4(138) Condition "hdr.netlock.isValid() && hdr.udp.isValid()" (node_3) is true
[05:00:11.629] [bmv2] [T] [thread 41423] [11.0] [cxt 0] /home/p4/project7/p4src/netlock.p4(139) Condition "hdr.netlock.act == 0" (node_4) is false
[05:00:11.629] [bmv2] [T] [thread 41423] [11.0] [cxt 0] Applying table 'tbl_netlock160'
[05:00:11.629] [bmv2] [D] [thread 41423] [11.0] [cxt 0] Looking up key:

[05:00:11.629] [bmv2] [D] [thread 41423] [11.0] [cxt 0] Table 'tbl_netlock160': miss
[05:00:11.629] [bmv2] [D] [thread 41423] [11.0] [cxt 0] Action entry is netlock160 - 
[05:00:11.629] [bmv2] [T] [thread 41423] [11.0] [cxt 0] Action netlock160
[05:00:11.629] [bmv2] [T] [thread 41423] [11.0] [cxt 0] /home/p4/project7/p4src/netlock.p4(160) Primitive queue_heads.read(head, (bit<32>)0)
[05:00:11.629] [bmv2] [T] [thread 41423] [11.0] [cxt 0] Read register 'MyIngress.queue_heads' at index 0 read value 0
[05:00:11.629] [bmv2] [T] [thread 41423] [11.0] [cxt 0] /home/p4/project7/p4src/netlock.p4(161) Primitive queue_tails.read(tail, (bit<32>)0)
[05:00:11.629] [bmv2] [T] [thread 41423] [11.0] [cxt 0] Read register 'MyIngress.queue_tails' at index 0 read value 2
[05:00:11.629] [bmv2] [T] [thread 41423] [11.0] [cxt 0] /home/p4/project7/p4src/netlock.p4(162) Condition "head == tail" (node_14) is false
[05:00:11.629] [bmv2] [T] [thread 41423] [11.0] [cxt 0] Applying table 'tbl_set_next_ip'
[05:00:11.630] [bmv2] [D] [thread 41423] [11.0] [cxt 0] Looking up key:

[05:00:11.630] [bmv2] [D] [thread 41423] [11.0] [cxt 0] Table 'tbl_set_next_ip': miss
[05:00:11.630] [bmv2] [D] [thread 41423] [11.0] [cxt 0] Action entry is MyIngress.set_next_ip - 
[05:00:11.630] [bmv2] [T] [thread 41423] [11.0] [cxt 0] Action MyIngress.set_next_ip
[05:00:11.630] [bmv2] [T] [thread 41423] [11.0] [cxt 0] /home/p4/project7/p4src/netlock.p4(95) Primitive queue_heads.read(head, (bit<32>)0)
[05:00:11.630] [bmv2] [T] [thread 41423] [11.0] [cxt 0] Read register 'MyIngress.queue_heads' at index 0 read value 0
[05:00:11.630] [bmv2] [T] [thread 41423] [11.0] [cxt 0] /home/p4/project7/p4src/netlock.p4(97) Primitive lock_queue_ip.read(hostAddr, head)
[05:00:11.630] [bmv2] [T] [thread 41423] [11.0] [cxt 0] Read register 'MyIngress.lock_queue_ip' at index 0 read value 167837954
[05:00:11.630] [bmv2] [T] [thread 41423] [11.0] [cxt 0] /home/p4/project7/p4src/netlock.p4(100) Primitive hdr.ipv4.srcAddr = hdr.ipv4.dstAddr
[05:00:11.630] [bmv2] [T] [thread 41423] [11.0] [cxt 0] /home/p4/project7/p4src/netlock.p4(101) Primitive hdr.ipv4.dstAddr = hostAddr
[05:00:11.630] [bmv2] [T] [thread 41423] [11.0] [cxt 0] Applying table 'tbl_set_next_udp'
[05:00:11.630] [bmv2] [D] [thread 41423] [11.0] [cxt 0] Looking up key:

[05:00:11.630] [bmv2] [D] [thread 41423] [11.0] [cxt 0] Table 'tbl_set_next_udp': miss
[05:00:11.630] [bmv2] [D] [thread 41423] [11.0] [cxt 0] Action entry is MyIngress.set_next_udp - 
[05:00:11.630] [bmv2] [T] [thread 41423] [11.0] [cxt 0] Action MyIngress.set_next_udp
[05:00:11.630] [bmv2] [T] [thread 41423] [11.0] [cxt 0] /home/p4/project7/p4src/netlock.p4(107) Primitive queue_heads.read(head, (bit<32>)0)
[05:00:11.630] [bmv2] [T] [thread 41423] [11.0] [cxt 0] Read register 'MyIngress.queue_heads' at index 0 read value 0
[05:00:11.630] [bmv2] [T] [thread 41423] [11.0] [cxt 0] /home/p4/project7/p4src/netlock.p4(108) Primitive lock_queue_udp.read(hostPort, head)
[05:00:11.630] [bmv2] [T] [thread 41423] [11.0] [cxt 0] Read register 'MyIngress.lock_queue_udp' at index 0 read value 10288
[05:00:11.630] [bmv2] [T] [thread 41423] [11.0] [cxt 0] /home/p4/project7/p4src/netlock.p4(110) Primitive hdr.udp.srcPort = hdr.udp.dstPort
[05:00:11.630] [bmv2] [T] [thread 41423] [11.0] [cxt 0] /home/p4/project7/p4src/netlock.p4(111) Primitive hdr.udp.dstPort = hostPort
[05:00:11.630] [bmv2] [T] [thread 41423] [11.0] [cxt 0] Applying table 'tbl_pop_queue'
[05:00:11.630] [bmv2] [D] [thread 41423] [11.0] [cxt 0] Looking up key:

[05:00:11.630] [bmv2] [D] [thread 41423] [11.0] [cxt 0] Table 'tbl_pop_queue': miss
[05:00:11.630] [bmv2] [D] [thread 41423] [11.0] [cxt 0] Action entry is MyIngress.pop_queue - 
[05:00:11.630] [bmv2] [T] [thread 41423] [11.0] [cxt 0] Action MyIngress.pop_queue
[05:00:11.630] [bmv2] [T] [thread 41423] [11.0] [cxt 0] /home/p4/project7/p4src/netlock.p4(66) Primitive queue_heads.read(head, (bit<32>)0)
[05:00:11.630] [bmv2] [T] [thread 41423] [11.0] [cxt 0] Read register 'MyIngress.queue_heads' at index 0 read value 0
[05:00:11.630] [bmv2] [T] [thread 41423] [11.0] [cxt 0] /home/p4/project7/p4src/netlock.p4(68) Primitive lock_queue_ip.write(head, (bit<32>)0)
[05:00:11.630] [bmv2] [T] [thread 41423] [11.0] [cxt 0] Wrote register 'MyIngress.lock_queue_ip' at index 0 with value 0
[05:00:11.630] [bmv2] [T] [thread 41423] [11.0] [cxt 0] /home/p4/project7/p4src/netlock.p4(69) Primitive lock_queue_udp.write(head, (bit<16>)0)
[05:00:11.630] [bmv2] [T] [thread 41423] [11.0] [cxt 0] Wrote register 'MyIngress.lock_queue_udp' at index 0 with value 0
[05:00:11.630] [bmv2] [T] [thread 41423] [11.0] [cxt 0] /home/p4/project7/p4src/netlock.p4(70) Primitive head = (head + 1) % QueueSize
[05:00:11.630] [bmv2] [T] [thread 41423] [11.0] [cxt 0] /home/p4/project7/p4src/netlock.p4(71) Primitive queue_heads.write((bit<32>)0, head)
[05:00:11.630] [bmv2] [T] [thread 41423] [11.0] [cxt 0] Wrote register 'MyIngress.queue_heads' at index 0 with value 1
[05:00:11.630] [bmv2] [T] [thread 41423] [11.0] [cxt 0] Applying table 'tbl_remove_netlock_0'
[05:00:11.630] [bmv2] [D] [thread 41423] [11.0] [cxt 0] Looking up key:

[05:00:11.630] [bmv2] [D] [thread 41423] [11.0] [cxt 0] Table 'tbl_remove_netlock_0': miss
[05:00:11.630] [bmv2] [D] [thread 41423] [11.0] [cxt 0] Action entry is MyIngress.remove_netlock - 
[05:00:11.630] [bmv2] [T] [thread 41423] [11.0] [cxt 0] Action MyIngress.remove_netlock
[05:00:11.630] [bmv2] [T] [thread 41423] [11.0] [cxt 0] /home/p4/project7/p4src/netlock.p4(75) Primitive hdr.netlock.setInvalid()
[05:00:11.630] [bmv2] [T] [thread 41423] [11.0] [cxt 0] /home/p4/project7/p4src/include/headers.p4(5) Primitive 0x800; ...
[05:00:11.630] [bmv2] [T] [thread 41423] [11.0] [cxt 0] Applying table 'MyIngress.ipv4_lpm'
[05:00:11.630] [bmv2] [D] [thread 41423] [11.0] [cxt 0] Looking up key:
* hdr.ipv4.dstAddr    : 0a010102

[05:00:11.630] [bmv2] [D] [thread 41423] [11.0] [cxt 0] Table 'MyIngress.ipv4_lpm': hit with handle 0
[05:00:11.630] [bmv2] [D] [thread 41423] [11.0] [cxt 0] Dumping entry 0
Match key:
* hdr.ipv4.dstAddr    : LPM       0a010102/32
Action entry: MyIngress.set_nhop - a010102,1,

[05:00:11.630] [bmv2] [D] [thread 41423] [11.0] [cxt 0] Action entry is MyIngress.set_nhop - a010102,1,
[05:00:11.630] [bmv2] [T] [thread 41423] [11.0] [cxt 0] Action MyIngress.set_nhop
[05:00:11.630] [bmv2] [T] [thread 41423] [11.0] [cxt 0] /home/p4/project7/p4src/netlock.p4(39) Primitive hdr.ethernet.srcAddr = hdr.ethernet.dstAddr
[05:00:11.630] [bmv2] [T] [thread 41423] [11.0] [cxt 0] /home/p4/project7/p4src/netlock.p4(42) Primitive hdr.ethernet.dstAddr = dstAddr
[05:00:11.630] [bmv2] [T] [thread 41423] [11.0] [cxt 0] /home/p4/project7/p4src/netlock.p4(44) Primitive standard_metadata.egress_spec = port
[05:00:11.630] [bmv2] [T] [thread 41423] [11.0] [cxt 0] /home/p4/project7/p4src/netlock.p4(47) Primitive hdr.ipv4.ttl = hdr.ipv4.ttl - 1
[05:00:11.630] [bmv2] [D] [thread 41423] [11.0] [cxt 0] Pipeline 'ingress': end
[05:00:11.630] [bmv2] [D] [thread 41423] [11.0] [cxt 0] Egress port is 1
[05:00:11.630] [bmv2] [D] [thread 41425] [11.0] [cxt 0] Pipeline 'egress': start
[05:00:11.630] [bmv2] [D] [thread 41425] [11.0] [cxt 0] Pipeline 'egress': end
[05:00:11.630] [bmv2] [D] [thread 41425] [11.0] [cxt 0] Deparser 'deparser': start
[05:00:11.630] [bmv2] [D] [thread 41425] [11.0] [cxt 0] Updating checksum 'cksum'
[05:00:11.630] [bmv2] [D] [thread 41425] [11.0] [cxt 0] Deparsing header 'ethernet'
[05:00:11.630] [bmv2] [D] [thread 41425] [11.0] [cxt 0] Deparsing header 'ipv4'
[05:00:11.630] [bmv2] [D] [thread 41425] [11.0] [cxt 0] Deparsing header 'udp'
[05:00:11.630] [bmv2] [D] [thread 41425] [11.0] [cxt 0] Deparser 'deparser': end
[05:00:11.630] [bmv2] [D] [thread 41428] [11.0] [cxt 0] Transmitting packet of size 42 out of port 1
[05:00:16.031] [bmv2] [D] [thread 41423] [12.0] [cxt 0] Processing packet received on port 1
[05:00:16.031] [bmv2] [D] [thread 41423] [12.0] [cxt 0] Parser 'parser': start
[05:00:16.031] [bmv2] [D] [thread 41423] [12.0] [cxt 0] Parser 'parser' entering state 'start'
[05:00:16.031] [bmv2] [D] [thread 41423] [12.0] [cxt 0] Extracting header 'ethernet'
[05:00:16.031] [bmv2] [D] [thread 41423] [12.0] [cxt 0] Parser state 'start': key is 7777
[05:00:16.031] [bmv2] [T] [thread 41423] [12.0] [cxt 0] Bytes parsed: 14
[05:00:16.031] [bmv2] [D] [thread 41423] [12.0] [cxt 0] Parser 'parser' entering state 'parse_netlock'
[05:00:16.031] [bmv2] [D] [thread 41423] [12.0] [cxt 0] Extracting header 'netlock'
[05:00:16.031] [bmv2] [D] [thread 41423] [12.0] [cxt 0] Parser state 'parse_netlock': key is 0000
[05:00:16.031] [bmv2] [T] [thread 41423] [12.0] [cxt 0] Bytes parsed: 16
[05:00:16.031] [bmv2] [D] [thread 41423] [12.0] [cxt 0] Parser 'parser' entering state 'parse_ipv4'
[05:00:16.031] [bmv2] [D] [thread 41423] [12.0] [cxt 0] Extracting header 'ipv4'
[05:00:16.032] [bmv2] [D] [thread 41423] [12.0] [cxt 0] Parser state 'parse_ipv4': key is 11
[05:00:16.032] [bmv2] [T] [thread 41423] [12.0] [cxt 0] Bytes parsed: 36
[05:00:16.032] [bmv2] [D] [thread 41423] [12.0] [cxt 0] Parser 'parser' entering state 'parse_udp'
[05:00:16.032] [bmv2] [D] [thread 41423] [12.0] [cxt 0] Extracting header 'udp'
[05:00:16.032] [bmv2] [D] [thread 41423] [12.0] [cxt 0] Parser state 'parse_udp' has no switch, going to default next state
[05:00:16.032] [bmv2] [T] [thread 41423] [12.0] [cxt 0] Bytes parsed: 44
[05:00:16.032] [bmv2] [D] [thread 41423] [12.0] [cxt 0] Parser 'parser': end
[05:00:16.032] [bmv2] [D] [thread 41423] [12.0] [cxt 0] Pipeline 'ingress': start
[05:00:16.032] [bmv2] [T] [thread 41423] [12.0] [cxt 0] /home/p4/project7/p4src/netlock.p4(136) Condition "hdr.ipv4.isValid()" (node_2) is true
[05:00:16.032] [bmv2] [T] [thread 41423] [12.0] [cxt 0] /home/p4/project7/p4src/netlock.p4(138) Condition "hdr.netlock.isValid() && hdr.udp.isValid()" (node_3) is true
[05:00:16.032] [bmv2] [T] [thread 41423] [12.0] [cxt 0] /home/p4/project7/p4src/netlock.p4(139) Condition "hdr.netlock.act == 0" (node_4) is false
[05:00:16.032] [bmv2] [T] [thread 41423] [12.0] [cxt 0] Applying table 'tbl_netlock160'
[05:00:16.032] [bmv2] [D] [thread 41423] [12.0] [cxt 0] Looking up key:

[05:00:16.032] [bmv2] [D] [thread 41423] [12.0] [cxt 0] Table 'tbl_netlock160': miss
[05:00:16.032] [bmv2] [D] [thread 41423] [12.0] [cxt 0] Action entry is netlock160 - 
[05:00:16.032] [bmv2] [T] [thread 41423] [12.0] [cxt 0] Action netlock160
[05:00:16.032] [bmv2] [T] [thread 41423] [12.0] [cxt 0] /home/p4/project7/p4src/netlock.p4(160) Primitive queue_heads.read(head, (bit<32>)0)
[05:00:16.032] [bmv2] [T] [thread 41423] [12.0] [cxt 0] Read register 'MyIngress.queue_heads' at index 0 read value 1
[05:00:16.032] [bmv2] [T] [thread 41423] [12.0] [cxt 0] /home/p4/project7/p4src/netlock.p4(161) Primitive queue_tails.read(tail, (bit<32>)0)
[05:00:16.032] [bmv2] [T] [thread 41423] [12.0] [cxt 0] Read register 'MyIngress.queue_tails' at index 0 read value 2
[05:00:16.032] [bmv2] [T] [thread 41423] [12.0] [cxt 0] /home/p4/project7/p4src/netlock.p4(162) Condition "head == tail" (node_14) is false
[05:00:16.032] [bmv2] [T] [thread 41423] [12.0] [cxt 0] Applying table 'tbl_set_next_ip'
[05:00:16.032] [bmv2] [D] [thread 41423] [12.0] [cxt 0] Looking up key:

[05:00:16.032] [bmv2] [D] [thread 41423] [12.0] [cxt 0] Table 'tbl_set_next_ip': miss
[05:00:16.032] [bmv2] [D] [thread 41423] [12.0] [cxt 0] Action entry is MyIngress.set_next_ip - 
[05:00:16.032] [bmv2] [T] [thread 41423] [12.0] [cxt 0] Action MyIngress.set_next_ip
[05:00:16.032] [bmv2] [T] [thread 41423] [12.0] [cxt 0] /home/p4/project7/p4src/netlock.p4(95) Primitive queue_heads.read(head, (bit<32>)0)
[05:00:16.032] [bmv2] [T] [thread 41423] [12.0] [cxt 0] Read register 'MyIngress.queue_heads' at index 0 read value 1
[05:00:16.032] [bmv2] [T] [thread 41423] [12.0] [cxt 0] /home/p4/project7/p4src/netlock.p4(97) Primitive lock_queue_ip.read(hostAddr, head)
[05:00:16.032] [bmv2] [T] [thread 41423] [12.0] [cxt 0] Read register 'MyIngress.lock_queue_ip' at index 1 read value 167837954
[05:00:16.032] [bmv2] [T] [thread 41423] [12.0] [cxt 0] /home/p4/project7/p4src/netlock.p4(100) Primitive hdr.ipv4.srcAddr = hdr.ipv4.dstAddr
[05:00:16.032] [bmv2] [T] [thread 41423] [12.0] [cxt 0] /home/p4/project7/p4src/netlock.p4(101) Primitive hdr.ipv4.dstAddr = hostAddr
[05:00:16.032] [bmv2] [T] [thread 41423] [12.0] [cxt 0] Applying table 'tbl_set_next_udp'
[05:00:16.032] [bmv2] [D] [thread 41423] [12.0] [cxt 0] Looking up key:

[05:00:16.032] [bmv2] [D] [thread 41423] [12.0] [cxt 0] Table 'tbl_set_next_udp': miss
[05:00:16.032] [bmv2] [D] [thread 41423] [12.0] [cxt 0] Action entry is MyIngress.set_next_udp - 
[05:00:16.032] [bmv2] [T] [thread 41423] [12.0] [cxt 0] Action MyIngress.set_next_udp
[05:00:16.032] [bmv2] [T] [thread 41423] [12.0] [cxt 0] /home/p4/project7/p4src/netlock.p4(107) Primitive queue_heads.read(head, (bit<32>)0)
[05:00:16.032] [bmv2] [T] [thread 41423] [12.0] [cxt 0] Read register 'MyIngress.queue_heads' at index 0 read value 1
[05:00:16.032] [bmv2] [T] [thread 41423] [12.0] [cxt 0] /home/p4/project7/p4src/netlock.p4(108) Primitive lock_queue_udp.read(hostPort, head)
[05:00:16.032] [bmv2] [T] [thread 41423] [12.0] [cxt 0] Read register 'MyIngress.lock_queue_udp' at index 1 read value 23896
[05:00:16.032] [bmv2] [T] [thread 41423] [12.0] [cxt 0] /home/p4/project7/p4src/netlock.p4(110) Primitive hdr.udp.srcPort = hdr.udp.dstPort
[05:00:16.032] [bmv2] [T] [thread 41423] [12.0] [cxt 0] /home/p4/project7/p4src/netlock.p4(111) Primitive hdr.udp.dstPort = hostPort
[05:00:16.032] [bmv2] [T] [thread 41423] [12.0] [cxt 0] Applying table 'tbl_pop_queue'
[05:00:16.032] [bmv2] [D] [thread 41423] [12.0] [cxt 0] Looking up key:

[05:00:16.032] [bmv2] [D] [thread 41423] [12.0] [cxt 0] Table 'tbl_pop_queue': miss
[05:00:16.032] [bmv2] [D] [thread 41423] [12.0] [cxt 0] Action entry is MyIngress.pop_queue - 
[05:00:16.032] [bmv2] [T] [thread 41423] [12.0] [cxt 0] Action MyIngress.pop_queue
[05:00:16.032] [bmv2] [T] [thread 41423] [12.0] [cxt 0] /home/p4/project7/p4src/netlock.p4(66) Primitive queue_heads.read(head, (bit<32>)0)
[05:00:16.032] [bmv2] [T] [thread 41423] [12.0] [cxt 0] Read register 'MyIngress.queue_heads' at index 0 read value 1
[05:00:16.032] [bmv2] [T] [thread 41423] [12.0] [cxt 0] /home/p4/project7/p4src/netlock.p4(68) Primitive lock_queue_ip.write(head, (bit<32>)0)
[05:00:16.032] [bmv2] [T] [thread 41423] [12.0] [cxt 0] Wrote register 'MyIngress.lock_queue_ip' at index 1 with value 0
[05:00:16.032] [bmv2] [T] [thread 41423] [12.0] [cxt 0] /home/p4/project7/p4src/netlock.p4(69) Primitive lock_queue_udp.write(head, (bit<16>)0)
[05:00:16.032] [bmv2] [T] [thread 41423] [12.0] [cxt 0] Wrote register 'MyIngress.lock_queue_udp' at index 1 with value 0
[05:00:16.032] [bmv2] [T] [thread 41423] [12.0] [cxt 0] /home/p4/project7/p4src/netlock.p4(70) Primitive head = (head + 1) % QueueSize
[05:00:16.032] [bmv2] [T] [thread 41423] [12.0] [cxt 0] /home/p4/project7/p4src/netlock.p4(71) Primitive queue_heads.write((bit<32>)0, head)
[05:00:16.032] [bmv2] [T] [thread 41423] [12.0] [cxt 0] Wrote register 'MyIngress.queue_heads' at index 0 with value 2
[05:00:16.032] [bmv2] [T] [thread 41423] [12.0] [cxt 0] Applying table 'tbl_remove_netlock_0'
[05:00:16.032] [bmv2] [D] [thread 41423] [12.0] [cxt 0] Looking up key:

[05:00:16.032] [bmv2] [D] [thread 41423] [12.0] [cxt 0] Table 'tbl_remove_netlock_0': miss
[05:00:16.032] [bmv2] [D] [thread 41423] [12.0] [cxt 0] Action entry is MyIngress.remove_netlock - 
[05:00:16.032] [bmv2] [T] [thread 41423] [12.0] [cxt 0] Action MyIngress.remove_netlock
[05:00:16.032] [bmv2] [T] [thread 41423] [12.0] [cxt 0] /home/p4/project7/p4src/netlock.p4(75) Primitive hdr.netlock.setInvalid()
[05:00:16.032] [bmv2] [T] [thread 41423] [12.0] [cxt 0] /home/p4/project7/p4src/include/headers.p4(5) Primitive 0x800; ...
[05:00:16.032] [bmv2] [T] [thread 41423] [12.0] [cxt 0] Applying table 'MyIngress.ipv4_lpm'
[05:00:16.032] [bmv2] [D] [thread 41423] [12.0] [cxt 0] Looking up key:
* hdr.ipv4.dstAddr    : 0a010102

[05:00:16.032] [bmv2] [D] [thread 41423] [12.0] [cxt 0] Table 'MyIngress.ipv4_lpm': hit with handle 0
[05:00:16.032] [bmv2] [D] [thread 41423] [12.0] [cxt 0] Dumping entry 0
Match key:
* hdr.ipv4.dstAddr    : LPM       0a010102/32
Action entry: MyIngress.set_nhop - a010102,1,

[05:00:16.032] [bmv2] [D] [thread 41423] [12.0] [cxt 0] Action entry is MyIngress.set_nhop - a010102,1,
[05:00:16.032] [bmv2] [T] [thread 41423] [12.0] [cxt 0] Action MyIngress.set_nhop
[05:00:16.032] [bmv2] [T] [thread 41423] [12.0] [cxt 0] /home/p4/project7/p4src/netlock.p4(39) Primitive hdr.ethernet.srcAddr = hdr.ethernet.dstAddr
[05:00:16.032] [bmv2] [T] [thread 41423] [12.0] [cxt 0] /home/p4/project7/p4src/netlock.p4(42) Primitive hdr.ethernet.dstAddr = dstAddr
[05:00:16.032] [bmv2] [T] [thread 41423] [12.0] [cxt 0] /home/p4/project7/p4src/netlock.p4(44) Primitive standard_metadata.egress_spec = port
[05:00:16.032] [bmv2] [T] [thread 41423] [12.0] [cxt 0] /home/p4/project7/p4src/netlock.p4(47) Primitive hdr.ipv4.ttl = hdr.ipv4.ttl - 1
[05:00:16.032] [bmv2] [D] [thread 41423] [12.0] [cxt 0] Pipeline 'ingress': end
[05:00:16.032] [bmv2] [D] [thread 41423] [12.0] [cxt 0] Egress port is 1
[05:00:16.033] [bmv2] [D] [thread 41425] [12.0] [cxt 0] Pipeline 'egress': start
[05:00:16.033] [bmv2] [D] [thread 41425] [12.0] [cxt 0] Pipeline 'egress': end
[05:00:16.033] [bmv2] [D] [thread 41425] [12.0] [cxt 0] Deparser 'deparser': start
[05:00:16.033] [bmv2] [D] [thread 41425] [12.0] [cxt 0] Updating checksum 'cksum'
[05:00:16.033] [bmv2] [D] [thread 41425] [12.0] [cxt 0] Deparsing header 'ethernet'
[05:00:16.033] [bmv2] [D] [thread 41425] [12.0] [cxt 0] Deparsing header 'ipv4'
[05:00:16.033] [bmv2] [D] [thread 41425] [12.0] [cxt 0] Deparsing header 'udp'
[05:00:16.033] [bmv2] [D] [thread 41425] [12.0] [cxt 0] Deparser 'deparser': end
[05:00:16.033] [bmv2] [D] [thread 41428] [12.0] [cxt 0] Transmitting packet of size 42 out of port 1
